TN:
SF:/home/erick/hashed/hashed-substrate/collator/src/chain_spec/hashed.rs
FN:17,get_chain_spec
FN:30,{closure#0}
FN:73,hashed_genesis
FNF:3
FNDA:0,get_chain_spec
FNDA:0,{closure#0}
FNDA:0,hashed_genesis
DA:17,0
DA:19,0
DA:20,0
DA:21,0
DA:22,0
DA:29,0
DA:30,0
DA:31,0
DA:33,0
DA:35,0
DA:36,0
DA:39,0
DA:40,0
DA:43,0
DA:44,0
DA:45,0
DA:46,0
DA:47,0
DA:48,0
DA:49,0
DA:50,0
DA:51,0
DA:52,0
DA:53,0
DA:54,0
DA:55,0
DA:57,0
DA:58,0
DA:61,0
DA:62,0
DA:63,0
DA:64,0
DA:65,0
DA:66,0
DA:67,0
DA:73,0
DA:80,0
DA:85,0
DA:88,0
DA:89,0
DA:90,0
DA:91,0
DA:92,0
DA:97,0
DA:111,0
DA:112,0
DA:113,0
DA:114,0
LF:48
LH:0
end_of_record
TN:
SF:/home/erick/hashed/hashed-substrate/collator/src/chain_spec/md5.rs
FN:17,get_chain_spec
FN:28,{closure#0}
FN:163,md5_genesis
FNF:3
FNDA:0,get_chain_spec
FNDA:0,{closure#0}
FNDA:0,md5_genesis
DA:17,0
DA:19,0
DA:20,0
DA:21,0
DA:22,0
DA:27,0
DA:28,0
DA:29,0
DA:31,0
DA:34,0
DA:35,0
DA:39,0
DA:40,0
DA:44,0
DA:45,0
DA:49,0
DA:50,0
DA:54,0
DA:55,0
DA:59,0
DA:60,0
DA:64,0
DA:65,0
DA:69,0
DA:70,0
DA:74,0
DA:75,0
DA:78,0
DA:80,0
DA:82,0
DA:84,0
DA:86,0
DA:88,0
DA:90,0
DA:92,0
DA:94,0
DA:96,0
DA:99,0
DA:102,0
DA:103,0
DA:107,0
DA:108,0
DA:112,0
DA:113,0
DA:117,0
DA:118,0
DA:122,0
DA:123,0
DA:127,0
DA:128,0
DA:132,0
DA:133,0
DA:137,0
DA:138,0
DA:142,0
DA:143,0
DA:147,0
DA:148,0
DA:151,0
DA:152,0
DA:153,0
DA:154,0
DA:155,0
DA:156,0
DA:157,0
DA:163,0
DA:172,0
DA:177,0
DA:180,0
DA:181,0
DA:182,0
DA:186,0
DA:187,0
DA:192,0
DA:206,0
DA:207,0
DA:208,0
DA:209,0
LF:78
LH:0
end_of_record
TN:
SF:/home/erick/hashed/hashed-substrate/collator/src/chain_spec/mod.rs
FN:42,try_get
FN:59,get_collator_keys_from_seed
FN:64,get_account_id_from_seed<sp_core::sr25519::Public>
FN:74,session_keys
FN:78,development_config
FN:91,{closure#0}
FN:134,local_testnet_config
FN:147,{closure#0}
FN:196,testnet_genesis
FNF:9
FNDA:0,try_get
FNDA:0,get_collator_keys_from_seed
FNDA:0,get_account_id_from_seed<sp_core::sr25519::Public>
FNDA:0,session_keys
FNDA:0,development_config
FNDA:0,{closure#0}
FNDA:0,local_testnet_config
FNDA:0,{closure#0}
FNDA:0,testnet_genesis
DA:21,0
DA:22,0
DA:42,0
DA:43,0
DA:48,0
DA:59,0
DA:60,0
DA:64,0
DA:68,0
DA:74,0
DA:78,0
DA:80,0
DA:81,0
DA:82,0
DA:83,0
DA:90,0
DA:91,0
DA:92,0
DA:94,0
DA:96,0
DA:97,0
DA:100,0
DA:101,0
DA:104,0
DA:105,0
DA:106,0
DA:107,0
DA:108,0
DA:109,0
DA:110,0
DA:111,0
DA:112,0
DA:113,0
DA:114,0
DA:115,0
DA:116,0
DA:118,0
DA:119,0
DA:122,0
DA:123,0
DA:124,0
DA:125,0
DA:126,0
DA:127,0
DA:128,0
DA:134,0
DA:136,0
DA:137,0
DA:138,0
DA:139,0
DA:146,0
DA:147,0
DA:148,0
DA:150,0
DA:152,0
DA:153,0
DA:156,0
DA:157,0
DA:160,0
DA:161,0
DA:162,0
DA:163,0
DA:164,0
DA:165,0
DA:166,0
DA:167,0
DA:168,0
DA:169,0
DA:170,0
DA:171,0
DA:172,0
DA:174,0
DA:175,0
DA:179,0
DA:181,0
DA:183,0
DA:185,0
DA:187,0
DA:189,0
DA:190,0
DA:196,0
DA:203,0
DA:208,0
DA:211,0
DA:212,0
DA:213,0
DA:214,0
DA:215,0
DA:220,0
DA:234,0
DA:235,0
DA:236,0
DA:237,0
LF:93
LH:0
end_of_record
TN:
SF:/home/erick/hashed/hashed-substrate/collator/src/cli.rs
FN:84,new<core::iter::adapters::chain::Chain<core::slice::iter::Iter<alloc::string::String>, core::slice::iter::Iter<alloc::string::String>>>
FNF:1
FNDA:0,new<core::iter::adapters::chain::Chain<core::slice::iter::Iter<alloc::string::String>, core::slice::iter::Iter<alloc::string::String>>>
DA:84,0
DA:88,0
DA:89,0
DA:90,0
DA:91,0
LF:5
LH:0
end_of_record
TN:
SF:/home/erick/hashed/hashed-substrate/collator/src/command.rs
FN:26,load_spec
FN:38,impl_name
FN:42,impl_version
FN:46,description
FN:56,author
FN:60,support_url
FN:64,copyright_start_year
FN:68,load_spec
FN:72,native_runtime_version
FN:78,impl_name
FN:82,impl_version
FN:86,description
FN:96,author
FN:100,support_url
FN:104,copyright_start_year
FN:108,load_spec
FN:112,native_runtime_version
FN:120,{closure#12}
FN:130,{closure#0}
FN:136,run
FN:183,{closure#0}
FN:265,{closure#0}
FN:274,{closure#1}
FN:275,{closure#2}
FN:289,{closure#3}
FN:295,{closure#4}
FN:310,{closure#5}
FN:318,p2p_listen_port
FN:322,rpc_ws_listen_port
FN:326,rpc_http_listen_port
FN:330,prometheus_listen_port
FN:336,shared_params
FN:340,import_params
FN:344,network_params
FN:348,keystore_params
FN:352,base_path
FN:356,{closure#0}
FN:359,rpc_http
FN:363,rpc_ipc
FN:367,rpc_ws
FN:371,prometheus_config
FN:392,chain_id
FN:398,role
FN:402,transaction_pool
FN:406,state_cache_child_ratio
FN:410,rpc_methods
FN:414,rpc_ws_max_connections
FN:418,rpc_cors
FN:422,default_heap_pages
FN:426,force_authoring
FN:430,disable_grandpa
FN:434,max_runtime_instances
FN:438,announce_block
FN:442,telemetry_endpoints
FN:449,node_name
FNF:55
FNDA:0,load_spec
FNDA:0,impl_name
FNDA:0,impl_version
FNDA:0,description
FNDA:0,author
FNDA:0,support_url
FNDA:0,copyright_start_year
FNDA:0,load_spec
FNDA:0,native_runtime_version
FNDA:0,impl_name
FNDA:0,impl_version
FNDA:0,description
FNDA:0,author
FNDA:0,support_url
FNDA:0,copyright_start_year
FNDA:0,load_spec
FNDA:0,native_runtime_version
FNDA:0,{closure#12}
FNDA:0,{closure#0}
FNDA:0,run
FNDA:0,{closure#0}
FNDA:0,{closure#0}
FNDA:0,{closure#1}
FNDA:0,{closure#2}
FNDA:0,{closure#3}
FNDA:0,{closure#4}
FNDA:0,{closure#5}
FNDA:0,p2p_listen_port
FNDA:0,rpc_ws_listen_port
FNDA:0,rpc_http_listen_port
FNDA:0,prometheus_listen_port
FNDA:0,shared_params
FNDA:0,import_params
FNDA:0,network_params
FNDA:0,keystore_params
FNDA:0,base_path
FNDA:0,{closure#0}
FNDA:0,rpc_http
FNDA:0,rpc_ipc
FNDA:0,rpc_ws
FNDA:0,prometheus_config
FNDA:0,chain_id
FNDA:0,role
FNDA:0,transaction_pool
FNDA:0,state_cache_child_ratio
FNDA:0,rpc_methods
FNDA:0,rpc_ws_max_connections
FNDA:0,rpc_cors
FNDA:0,default_heap_pages
FNDA:0,force_authoring
FNDA:0,disable_grandpa
FNDA:0,max_runtime_instances
FNDA:0,announce_block
FNDA:0,telemetry_endpoints
FNDA:0,node_name
DA:26,0
DA:27,0
DA:28,0
DA:29,0
DA:31,0
DA:32,0
DA:33,0
DA:38,0
DA:39,0
DA:42,0
DA:43,0
DA:46,0
DA:47,0
DA:52,0
DA:56,0
DA:57,0
DA:60,0
DA:61,0
DA:64,0
DA:68,0
DA:69,0
DA:72,0
DA:78,0
DA:79,0
DA:82,0
DA:83,0
DA:86,0
DA:87,0
DA:92,0
DA:96,0
DA:97,0
DA:100,0
DA:101,0
DA:104,0
DA:108,0
DA:109,0
DA:112,0
DA:113,0
DA:120,0
DA:121,0
DA:129,0
DA:130,0
DA:136,0
DA:137,0
DA:139,0
DA:140,0
DA:141,0
DA:142,0
DA:144,0
DA:145,0
DA:146,0
DA:149,0
DA:150,0
DA:151,0
DA:154,0
DA:155,0
DA:156,0
DA:159,0
DA:160,0
DA:161,0
DA:164,0
DA:165,0
DA:166,0
DA:169,0
DA:170,0
DA:172,0
DA:173,0
DA:175,0
DA:178,0
DA:181,0
DA:183,0
DA:185,0
DA:188,0
DA:189,0
DA:190,0
DA:191,0
DA:192,0
DA:193,0
DA:196,0
DA:197,0
DA:198,0
DA:199,0
DA:200,0
DA:203,0
DA:204,0
DA:206,0
DA:207,0
DA:211,0
DA:216,0
DA:217,0
DA:221,0
DA:223,0
DA:224,0
DA:228,0
DA:229,0
DA:231,0
DA:233,0
DA:234,0
DA:239,0
DA:242,0
DA:256,0
DA:260,0
DA:261,0
DA:263,0
DA:264,0
DA:265,0
DA:266,0
DA:267,0
DA:270,0
DA:273,0
DA:274,0
DA:275,0
DA:277,0
DA:278,0
DA:279,0
DA:282,0
DA:285,0
DA:287,0
DA:288,0
DA:289,0
DA:290,0
DA:292,0
DA:294,0
DA:295,0
DA:297,0
DA:298,0
DA:299,0
DA:300,0
DA:302,0
DA:303,0
DA:304,0
DA:305,0
DA:306,0
DA:307,0
DA:310,0
DA:318,0
DA:322,0
DA:326,0
DA:330,0
DA:336,0
DA:337,0
DA:340,0
DA:341,0
DA:344,0
DA:345,0
DA:348,0
DA:349,0
DA:352,0
DA:353,0
DA:356,0
DA:359,0
DA:360,0
DA:363,0
DA:364,0
DA:367,0
DA:368,0
DA:371,0
DA:376,0
DA:392,0
DA:393,0
DA:395,0
DA:398,0
DA:399,0
DA:402,0
DA:403,0
DA:406,0
DA:407,0
DA:410,0
DA:411,0
DA:414,0
DA:415,0
DA:418,0
DA:419,0
DA:422,0
DA:423,0
DA:426,0
DA:427,0
DA:430,0
DA:431,0
DA:434,0
DA:435,0
DA:438,0
DA:439,0
DA:442,0
DA:446,0
DA:449,0
DA:450,0
LF:187
LH:0
end_of_record
TN:
SF:/home/erick/hashed/hashed-substrate/collator/src/main.rs
FN:12,main
FNF:1
FNDA:0,main
DA:12,0
DA:13,0
LF:2
LH:0
end_of_record
TN:
SF:/home/erick/hashed/hashed-substrate/collator/src/rpc.rs
FN:33,create_full<sc_service::client::client::Client<sc_client_db::Backend<sp_runtime::generic::block::Block<sp_runtime::generic::header::Header<u32, sp_runtime::traits::BlakeTwo256>, sp_runtime::OpaqueExtrinsic>>, sc_service::client::call_executor::LocalCallExecutor<sp_runtime::generic::block::Block<sp_runtime::generic::header::Header<u32, sp_runtime::traits::BlakeTwo256>, sp_runtime::OpaqueExtrinsic>, sc_client_db::Backend<sp_runtime::generic::block::Block<sp_runtime::generic::header::Header<u32, sp_runtime::traits::BlakeTwo256>, sp_runtime::OpaqueExtrinsic>>, sc_executor::native_executor::NativeElseWasmExecutor<hashed_parachain::service::TemplateRuntimeExecutor>>, sp_runtime::generic::block::Block<sp_runtime::generic::header::Header<u32, sp_runtime::traits::BlakeTwo256>, sp_runtime::OpaqueExtrinsic>, hashed_parachain_runtime::RuntimeApi>, sc_transaction_pool::BasicPool<sc_transaction_pool::api::FullChainApi<sc_service::client::client::Client<sc_client_db::Backend<sp_runtime::generic::block::Block<sp_runtime::generic::header::Header<u32, sp_runtime::traits::BlakeTwo256>, sp_runtime::OpaqueExtrinsic>>, sc_service::client::call_executor::LocalCallExecutor<sp_runtime::generic::block::Block<sp_runtime::generic::header::Header<u32, sp_runtime::traits::BlakeTwo256>, sp_runtime::OpaqueExtrinsic>, sc_client_db::Backend<sp_runtime::generic::block::Block<sp_runtime::generic::header::Header<u32, sp_runtime::traits::BlakeTwo256>, sp_runtime::OpaqueExtrinsic>>, sc_executor::native_executor::NativeElseWasmExecutor<hashed_parachain::service::TemplateRuntimeExecutor>>, sp_runtime::generic::block::Block<sp_runtime::generic::header::Header<u32, sp_runtime::traits::BlakeTwo256>, sp_runtime::OpaqueExtrinsic>, hashed_parachain_runtime::RuntimeApi>, sp_runtime::generic::block::Block<sp_runtime::generic::header::Header<u32, sp_runtime::traits::BlakeTwo256>, sp_runtime::OpaqueExtrinsic>>, sp_runtime::generic::block::Block<sp_runtime::generic::header::Header<u32, sp_runtime::traits::BlakeTwo256>, sp_runtime::OpaqueExtrinsic>>>
FNF:1
FNDA:0,create_full<sc_service::client::client::Client<sc_client_db::Backend<sp_runtime::generic::block::Block<sp_runtime::generic::header::Header<u32, sp_runtime::traits::BlakeTwo256>, sp_runtime::OpaqueExtrinsic>>, sc_service::client::call_executor::LocalCallExecutor<sp_runtime::generic::block::Block<sp_runtime::generic::header::Header<u32, sp_runtime::traits::BlakeTwo256>, sp_runtime::OpaqueExtrinsic>, sc_client_db::Backend<sp_runtime::generic::block::Block<sp_runtime::generic::header::Header<u32, sp_runtime::traits::BlakeTwo256>, sp_runtime::OpaqueExtrinsic>>, sc_executor::native_executor::NativeElseWasmExecutor<hashed_parachain::service::TemplateRuntimeExecutor>>, sp_runtime::generic::block::Block<sp_runtime::generic::header::Header<u32, sp_runtime::traits::BlakeTwo256>, sp_runtime::OpaqueExtrinsic>, hashed_parachain_runtime::RuntimeApi>, sc_transaction_pool::BasicPool<sc_transaction_pool::api::FullChainApi<sc_service::client::client::Client<sc_client_db::Backend<sp_runtime::generic::block::Block<sp_runtime::generic::header::Header<u32, sp_runtime::traits::BlakeTwo256>, sp_runtime::OpaqueExtrinsic>>, sc_service::client::call_executor::LocalCallExecutor<sp_runtime::generic::block::Block<sp_runtime::generic::header::Header<u32, sp_runtime::traits::BlakeTwo256>, sp_runtime::OpaqueExtrinsic>, sc_client_db::Backend<sp_runtime::generic::block::Block<sp_runtime::generic::header::Header<u32, sp_runtime::traits::BlakeTwo256>, sp_runtime::OpaqueExtrinsic>>, sc_executor::native_executor::NativeElseWasmExecutor<hashed_parachain::service::TemplateRuntimeExecutor>>, sp_runtime::generic::block::Block<sp_runtime::generic::header::Header<u32, sp_runtime::traits::BlakeTwo256>, sp_runtime::OpaqueExtrinsic>, hashed_parachain_runtime::RuntimeApi>, sp_runtime::generic::block::Block<sp_runtime::generic::header::Header<u32, sp_runtime::traits::BlakeTwo256>, sp_runtime::OpaqueExtrinsic>>, sp_runtime::generic::block::Block<sp_runtime::generic::header::Header<u32, sp_runtime::traits::BlakeTwo256>, sp_runtime::OpaqueExtrinsic>>>
DA:33,0
DA:52,0
DA:53,0
DA:55,0
DA:56,0
DA:57,0
LF:6
LH:0
end_of_record
TN:
SF:/home/erick/hashed/hashed-substrate/collator/src/service.rs
FN:46,dispatch
FN:50,native_version
FN:60,new_partial<hashed_parachain_runtime::RuntimeApi, hashed_parachain::service::TemplateRuntimeExecutor, fn(alloc::sync::Arc<sc_service::client::client::Client<sc_client_db::Backend<sp_runtime::generic::block::Block<sp_runtime::generic::header::Header<u32, sp_runtime::traits::BlakeTwo256>, sp_runtime::OpaqueExtrinsic>>, sc_service::client::call_executor::LocalCallExecutor<sp_runtime::generic::block::Block<sp_runtime::generic::header::Header<u32, sp_runtime::traits::BlakeTwo256>, sp_runtime::OpaqueExtrinsic>, sc_client_db::Backend<sp_runtime::generic::block::Block<sp_runtime::generic::header::Header<u32, sp_runtime::traits::BlakeTwo256>, sp_runtime::OpaqueExtrinsic>>, sc_executor::native_executor::NativeElseWasmExecutor<hashed_parachain::service::TemplateRuntimeExecutor>>, sp_runtime::generic::block::Block<sp_runtime::generic::header::Header<u32, sp_runtime::traits::BlakeTwo256>, sp_runtime::OpaqueExtrinsic>, hashed_parachain_runtime::RuntimeApi>>, &sc_service::config::Configuration, core::option::Option<sc_telemetry::TelemetryHandle>, &sc_service::task_manager::TaskManager) -> core::result::Result<sc_consensus::import_queue::basic_queue::BasicQueue<sp_runtime::generic::block::Block<sp_runtime::generic::header::Header<u32, sp_runtime::traits::BlakeTwo256>, sp_runtime::OpaqueExtrinsic>, memory_db::MemoryDB<sp_runtime::traits::BlakeTwo256, memory_db::PrefixedKey<sp_runtime::traits::BlakeTwo256>, alloc::vec::Vec<u8, alloc::alloc::Global>, memory_db::malloc_size_of::MemCounter<alloc::vec::Vec<u8, alloc::alloc::Global>>>>, sc_service::error::Error>>
FN:170,build_relay_chain_interface
FN:194,{async_fn#0}<hashed_parachain_runtime::RuntimeApi, hashed_parachain::service::TemplateRuntimeExecutor, hashed_parachain::service::start_parachain_node::{async_fn#0}::{closure_env#0}, fn(alloc::sync::Arc<sc_service::client::client::Client<sc_client_db::Backend<sp_runtime::generic::block::Block<sp_runtime::generic::header::Header<u32, sp_runtime::traits::BlakeTwo256>, sp_runtime::OpaqueExtrinsic>>, sc_service::client::call_executor::LocalCallExecutor<sp_runtime::generic::block::Block<sp_runtime::generic::header::Header<u32, sp_runtime::traits::BlakeTwo256>, sp_runtime::OpaqueExtrinsic>, sc_client_db::Backend<sp_runtime::generic::block::Block<sp_runtime::generic::header::Header<u32, sp_runtime::traits::BlakeTwo256>, sp_runtime::OpaqueExtrinsic>>, sc_executor::native_executor::NativeElseWasmExecutor<hashed_parachain::service::TemplateRuntimeExecutor>>, sp_runtime::generic::block::Block<sp_runtime::generic::header::Header<u32, sp_runtime::traits::BlakeTwo256>, sp_runtime::OpaqueExtrinsic>, hashed_parachain_runtime::RuntimeApi>>, &sc_service::config::Configuration, core::option::Option<sc_telemetry::TelemetryHandle>, &sc_service::task_manager::TaskManager) -> core::result::Result<sc_consensus::import_queue::basic_queue::BasicQueue<sp_runtime::generic::block::Block<sp_runtime::generic::header::Header<u32, sp_runtime::traits::BlakeTwo256>, sp_runtime::OpaqueExtrinsic>, memory_db::MemoryDB<sp_runtime::traits::BlakeTwo256, memory_db::PrefixedKey<sp_runtime::traits::BlakeTwo256>, alloc::vec::Vec<u8, alloc::alloc::Global>, memory_db::malloc_size_of::MemCounter<alloc::vec::Vec<u8, alloc::alloc::Global>>>>, sc_service::error::Error>, hashed_parachain::service::start_parachain_node::{async_fn#0}::{closure_env#1}>
FN:195,start_node_impl<hashed_parachain_runtime::RuntimeApi, hashed_parachain::service::TemplateRuntimeExecutor, hashed_parachain::service::start_parachain_node::{async_fn#0}::{closure_env#0}, fn(alloc::sync::Arc<sc_service::client::client::Client<sc_client_db::Backend<sp_runtime::generic::block::Block<sp_runtime::generic::header::Header<u32, sp_runtime::traits::BlakeTwo256>, sp_runtime::OpaqueExtrinsic>>, sc_service::client::call_executor::LocalCallExecutor<sp_runtime::generic::block::Block<sp_runtime::generic::header::Header<u32, sp_runtime::traits::BlakeTwo256>, sp_runtime::OpaqueExtrinsic>, sc_client_db::Backend<sp_runtime::generic::block::Block<sp_runtime::generic::header::Header<u32, sp_runtime::traits::BlakeTwo256>, sp_runtime::OpaqueExtrinsic>>, sc_executor::native_executor::NativeElseWasmExecutor<hashed_parachain::service::TemplateRuntimeExecutor>>, sp_runtime::generic::block::Block<sp_runtime::generic::header::Header<u32, sp_runtime::traits::BlakeTwo256>, sp_runtime::OpaqueExtrinsic>, hashed_parachain_runtime::RuntimeApi>>, &sc_service::config::Configuration, core::option::Option<sc_telemetry::TelemetryHandle>, &sc_service::task_manager::TaskManager) -> core::result::Result<sc_consensus::import_queue::basic_queue::BasicQueue<sp_runtime::generic::block::Block<sp_runtime::generic::header::Header<u32, sp_runtime::traits::BlakeTwo256>, sp_runtime::OpaqueExtrinsic>, memory_db::MemoryDB<sp_runtime::traits::BlakeTwo256, memory_db::PrefixedKey<sp_runtime::traits::BlakeTwo256>, alloc::vec::Vec<u8, alloc::alloc::Global>, memory_db::malloc_size_of::MemCounter<alloc::vec::Vec<u8, alloc::alloc::Global>>>>, sc_service::error::Error>, hashed_parachain::service::start_parachain_node::{async_fn#0}::{closure_env#1}>
FN:403,parachain_build_import_queue
FN:428,{closure#0}
FN:448,start_parachain_node
FN:465,{closure#1}
FN:487,{closure#0}
FN:489,{async_block#0}
FN:505,{closure#0}
FNF:13
FNDA:0,dispatch
FNDA:0,native_version
FNDA:0,new_partial<hashed_parachain_runtime::RuntimeApi, hashed_parachain::service::TemplateRuntimeExecutor, fn(alloc::sync::Arc<sc_service::client::client::Client<sc_client_db::Backend<sp_runtime::generic::block::Block<sp_runtime::generic::header::Header<u32, sp_runtime::traits::BlakeTwo256>, sp_runtime::OpaqueExtrinsic>>, sc_service::client::call_executor::LocalCallExecutor<sp_runtime::generic::block::Block<sp_runtime::generic::header::Header<u32, sp_runtime::traits::BlakeTwo256>, sp_runtime::OpaqueExtrinsic>, sc_client_db::Backend<sp_runtime::generic::block::Block<sp_runtime::generic::header::Header<u32, sp_runtime::traits::BlakeTwo256>, sp_runtime::OpaqueExtrinsic>>, sc_executor::native_executor::NativeElseWasmExecutor<hashed_parachain::service::TemplateRuntimeExecutor>>, sp_runtime::generic::block::Block<sp_runtime::generic::header::Header<u32, sp_runtime::traits::BlakeTwo256>, sp_runtime::OpaqueExtrinsic>, hashed_parachain_runtime::RuntimeApi>>, &sc_service::config::Configuration, core::option::Option<sc_telemetry::TelemetryHandle>, &sc_service::task_manager::TaskManager) -> core::result::Result<sc_consensus::import_queue::basic_queue::BasicQueue<sp_runtime::generic::block::Block<sp_runtime::generic::header::Header<u32, sp_runtime::traits::BlakeTwo256>, sp_runtime::OpaqueExtrinsic>, memory_db::MemoryDB<sp_runtime::traits::BlakeTwo256, memory_db::PrefixedKey<sp_runtime::traits::BlakeTwo256>, alloc::vec::Vec<u8, alloc::alloc::Global>, memory_db::malloc_size_of::MemCounter<alloc::vec::Vec<u8, alloc::alloc::Global>>>>, sc_service::error::Error>>
FNDA:0,build_relay_chain_interface
FNDA:0,{async_fn#0}<hashed_parachain_runtime::RuntimeApi, hashed_parachain::service::TemplateRuntimeExecutor, hashed_parachain::service::start_parachain_node::{async_fn#0}::{closure_env#0}, fn(alloc::sync::Arc<sc_service::client::client::Client<sc_client_db::Backend<sp_runtime::generic::block::Block<sp_runtime::generic::header::Header<u32, sp_runtime::traits::BlakeTwo256>, sp_runtime::OpaqueExtrinsic>>, sc_service::client::call_executor::LocalCallExecutor<sp_runtime::generic::block::Block<sp_runtime::generic::header::Header<u32, sp_runtime::traits::BlakeTwo256>, sp_runtime::OpaqueExtrinsic>, sc_client_db::Backend<sp_runtime::generic::block::Block<sp_runtime::generic::header::Header<u32, sp_runtime::traits::BlakeTwo256>, sp_runtime::OpaqueExtrinsic>>, sc_executor::native_executor::NativeElseWasmExecutor<hashed_parachain::service::TemplateRuntimeExecutor>>, sp_runtime::generic::block::Block<sp_runtime::generic::header::Header<u32, sp_runtime::traits::BlakeTwo256>, sp_runtime::OpaqueExtrinsic>, hashed_parachain_runtime::RuntimeApi>>, &sc_service::config::Configuration, core::option::Option<sc_telemetry::TelemetryHandle>, &sc_service::task_manager::TaskManager) -> core::result::Result<sc_consensus::import_queue::basic_queue::BasicQueue<sp_runtime::generic::block::Block<sp_runtime::generic::header::Header<u32, sp_runtime::traits::BlakeTwo256>, sp_runtime::OpaqueExtrinsic>, memory_db::MemoryDB<sp_runtime::traits::BlakeTwo256, memory_db::PrefixedKey<sp_runtime::traits::BlakeTwo256>, alloc::vec::Vec<u8, alloc::alloc::Global>, memory_db::malloc_size_of::MemCounter<alloc::vec::Vec<u8, alloc::alloc::Global>>>>, sc_service::error::Error>, hashed_parachain::service::start_parachain_node::{async_fn#0}::{closure_env#1}>
FNDA:0,start_node_impl<hashed_parachain_runtime::RuntimeApi, hashed_parachain::service::TemplateRuntimeExecutor, hashed_parachain::service::start_parachain_node::{async_fn#0}::{closure_env#0}, fn(alloc::sync::Arc<sc_service::client::client::Client<sc_client_db::Backend<sp_runtime::generic::block::Block<sp_runtime::generic::header::Header<u32, sp_runtime::traits::BlakeTwo256>, sp_runtime::OpaqueExtrinsic>>, sc_service::client::call_executor::LocalCallExecutor<sp_runtime::generic::block::Block<sp_runtime::generic::header::Header<u32, sp_runtime::traits::BlakeTwo256>, sp_runtime::OpaqueExtrinsic>, sc_client_db::Backend<sp_runtime::generic::block::Block<sp_runtime::generic::header::Header<u32, sp_runtime::traits::BlakeTwo256>, sp_runtime::OpaqueExtrinsic>>, sc_executor::native_executor::NativeElseWasmExecutor<hashed_parachain::service::TemplateRuntimeExecutor>>, sp_runtime::generic::block::Block<sp_runtime::generic::header::Header<u32, sp_runtime::traits::BlakeTwo256>, sp_runtime::OpaqueExtrinsic>, hashed_parachain_runtime::RuntimeApi>>, &sc_service::config::Configuration, core::option::Option<sc_telemetry::TelemetryHandle>, &sc_service::task_manager::TaskManager) -> core::result::Result<sc_consensus::import_queue::basic_queue::BasicQueue<sp_runtime::generic::block::Block<sp_runtime::generic::header::Header<u32, sp_runtime::traits::BlakeTwo256>, sp_runtime::OpaqueExtrinsic>, memory_db::MemoryDB<sp_runtime::traits::BlakeTwo256, memory_db::PrefixedKey<sp_runtime::traits::BlakeTwo256>, alloc::vec::Vec<u8, alloc::alloc::Global>, memory_db::malloc_size_of::MemCounter<alloc::vec::Vec<u8, alloc::alloc::Global>>>>, sc_service::error::Error>, hashed_parachain::service::start_parachain_node::{async_fn#0}::{closure_env#1}>
FNDA:0,parachain_build_import_queue
FNDA:0,{closure#0}
FNDA:0,start_parachain_node
FNDA:0,{closure#1}
FNDA:0,{closure#0}
FNDA:0,{async_block#0}
FNDA:0,{closure#0}
DA:46,0
DA:47,0
DA:50,0
DA:51,0
DA:60,0
DA:108,0
DA:109,0
DA:111,0
DA:112,0
DA:113,0
DA:114,0
DA:115,0
DA:120,0
DA:121,0
DA:122,0
DA:123,0
DA:126,0
DA:128,0
DA:129,0
DA:130,0
DA:132,0
DA:134,0
DA:136,0
DA:137,0
DA:138,0
DA:142,0
DA:143,0
DA:144,0
DA:145,0
DA:146,0
DA:150,0
DA:151,0
DA:152,0
DA:153,0
DA:163,0
DA:164,0
DA:167,0
DA:170,0
DA:178,0
DA:179,0
DA:180,0
DA:182,0
DA:184,0
DA:186,0
DA:194,0
DA:195,0
DA:260,0
DA:262,0
DA:263,0
DA:265,0
DA:266,0
DA:267,0
DA:270,0
DA:271,0
DA:272,0
DA:273,0
DA:274,0
DA:275,0
DA:277,0
DA:278,0
DA:279,0
DA:280,0
DA:283,0
DA:285,0
DA:286,0
DA:287,0
DA:288,0
DA:289,0
DA:290,0
DA:291,0
DA:292,0
DA:293,0
DA:294,0
DA:295,0
DA:296,0
DA:297,0
DA:298,0
DA:300,0
DA:303,0
DA:304,0
DA:305,0
DA:307,0
DA:308,0
DA:309,0
DA:310,0
DA:311,0
DA:314,0
DA:318,0
DA:319,0
DA:320,0
DA:321,0
DA:322,0
DA:323,0
DA:324,0
DA:325,0
DA:326,0
DA:327,0
DA:328,0
DA:331,0
DA:332,0
DA:334,0
DA:335,0
DA:336,0
DA:338,0
DA:339,0
DA:344,0
DA:345,0
DA:346,0
DA:349,0
DA:351,0
DA:353,0
DA:354,0
DA:355,0
DA:356,0
DA:357,0
DA:358,0
DA:359,0
DA:360,0
DA:361,0
DA:364,0
DA:368,0
DA:370,0
DA:371,0
DA:376,0
DA:380,0
DA:383,0
DA:385,0
DA:393,0
DA:396,0
DA:398,0
DA:403,0
DA:415,0
DA:425,0
DA:426,0
DA:427,0
DA:428,0
DA:429,0
DA:432,0
DA:433,0
DA:434,0
DA:437,0
DA:439,0
DA:440,0
DA:441,0
DA:442,0
DA:448,0
DA:459,0
DA:460,0
DA:461,0
DA:462,0
DA:465,0
DA:473,0
DA:474,0
DA:476,0
DA:477,0
DA:478,0
DA:479,0
DA:481,0
DA:484,0
DA:485,0
DA:486,0
DA:487,0
DA:488,0
DA:489,0
DA:490,0
DA:491,0
DA:492,0
DA:493,0
DA:494,0
DA:495,0
DA:496,0
DA:497,0
DA:500,0
DA:501,0
DA:502,0
DA:505,0
DA:506,0
DA:510,0
DA:513,0
DA:514,0
DA:515,0
DA:516,0
DA:517,0
DA:521,0
DA:523,0
DA:524,0
DA:528,0
LF:187
LH:0
end_of_record
TN:
SF:/home/erick/hashed/hashed-substrate/node/src/benchmarking.rs
FN:45,new
FN:51,pallet
FN:55,extrinsic
FN:59,build
FN:90,pallet
FN:94,extrinsic
FN:98,build
FN:119,create_benchmark_extrinsic
FN:131,{closure#0}
FN:174,inherent_benchmark_data
FNF:10
FNDA:0,new
FNDA:0,pallet
FNDA:0,extrinsic
FNDA:0,build
FNDA:0,pallet
FNDA:0,extrinsic
FNDA:0,build
FNDA:0,create_benchmark_extrinsic
FNDA:0,{closure#0}
FNDA:0,inherent_benchmark_data
DA:45,0
DA:51,0
DA:55,0
DA:59,0
DA:60,0
DA:62,0
DA:63,0
DA:64,0
DA:69,0
DA:90,0
DA:94,0
DA:98,0
DA:99,0
DA:101,0
DA:102,0
DA:103,0
DA:104,0
DA:105,0
DA:112,0
DA:119,0
DA:125,0
DA:126,0
DA:127,0
DA:129,0
DA:131,0
DA:133,0
DA:134,0
DA:135,0
DA:136,0
DA:137,0
DA:138,0
DA:140,0
DA:142,0
DA:143,0
DA:144,0
DA:148,0
DA:149,0
DA:152,0
DA:153,0
DA:154,0
DA:155,0
DA:161,0
DA:164,0
DA:165,0
DA:166,0
DA:167,0
DA:174,0
DA:175,0
DA:176,0
DA:177,0
DA:179,0
DA:181,0
DA:182,0
LF:53
LH:0
end_of_record
TN:
SF:/home/erick/hashed/hashed-substrate/node/src/chain_spec.rs
FN:28,get_account_id_from_seed<sp_core::sr25519::Public>
FN:36,authority_keys_from_seed
FN:40,hashed_properties
FN:53,md5_properties
FN:66,development_config
FN:107,local_testnet_config
FN:156,chaos_config
FN:195,md5_config
FN:235,testnet_genesis
FNF:9
FNDA:0,get_account_id_from_seed<sp_core::sr25519::Public>
FNDA:0,authority_keys_from_seed
FNDA:0,hashed_properties
FNDA:0,md5_properties
FNDA:0,development_config
FNDA:0,local_testnet_config
FNDA:0,chaos_config
FNDA:0,md5_config
FNDA:0,testnet_genesis
DA:19,0
DA:20,0
DA:28,0
DA:32,0
DA:36,0
DA:37,0
DA:40,0
DA:41,0
DA:42,0
DA:43,0
DA:44,0
DA:45,0
DA:46,0
DA:47,0
DA:48,0
DA:49,0
DA:53,0
DA:54,0
DA:55,0
DA:56,0
DA:57,0
DA:58,0
DA:59,0
DA:60,0
DA:61,0
DA:62,0
DA:66,0
DA:67,0
DA:69,0
DA:74,0
DA:75,0
DA:76,0
DA:77,0
DA:79,0
DA:81,0
DA:83,0
DA:84,0
DA:85,0
DA:86,0
DA:87,0
DA:93,0
DA:95,0
DA:97,0
DA:99,0
DA:101,0
DA:103,0
DA:107,0
DA:108,0
DA:110,0
DA:115,0
DA:116,0
DA:117,0
DA:118,0
DA:120,0
DA:122,0
DA:124,0
DA:125,0
DA:126,0
DA:127,0
DA:128,0
DA:129,0
DA:130,0
DA:131,0
DA:132,0
DA:133,0
DA:134,0
DA:135,0
DA:136,0
DA:142,0
DA:144,0
DA:146,0
DA:148,0
DA:150,0
DA:152,0
DA:156,0
DA:157,0
DA:159,0
DA:164,0
DA:165,0
DA:166,0
DA:167,0
DA:169,0
DA:171,0
DA:173,0
DA:174,0
DA:175,0
DA:181,0
DA:183,0
DA:185,0
DA:187,0
DA:189,0
DA:191,0
DA:195,0
DA:196,0
DA:198,0
DA:203,0
DA:204,0
DA:205,0
DA:206,0
DA:208,0
DA:210,0
DA:212,0
DA:213,0
DA:214,0
DA:220,0
DA:222,0
DA:224,0
DA:226,0
DA:228,0
DA:230,0
DA:235,0
DA:243,0
DA:244,0
DA:247,0
DA:250,0
DA:253,0
DA:254,0
DA:255,0
DA:262,0
DA:274,0
DA:275,0
DA:276,0
DA:278,0
DA:279,0
DA:280,0
LF:125
LH:0
end_of_record
TN:
SF:/home/erick/hashed/hashed-substrate/node/src/command.rs
FN:14,impl_name
FN:18,impl_version
FN:22,description
FN:26,author
FN:30,support_url
FN:34,copyright_start_year
FN:38,load_spec
FN:50,native_runtime_version
FN:56,run
FN:104,{closure#0}
FNF:10
FNDA:0,impl_name
FNDA:0,impl_version
FNDA:0,description
FNDA:0,author
FNDA:0,support_url
FNDA:0,copyright_start_year
FNDA:0,load_spec
FNDA:0,native_runtime_version
FNDA:0,run
FNDA:0,{closure#0}
DA:14,0
DA:15,0
DA:18,0
DA:19,0
DA:22,0
DA:23,0
DA:26,0
DA:27,0
DA:30,0
DA:31,0
DA:34,0
DA:38,0
DA:39,0
DA:40,0
DA:41,0
DA:42,0
DA:43,0
DA:44,0
DA:45,0
DA:50,0
DA:56,0
DA:57,0
DA:59,0
DA:60,0
DA:61,0
DA:62,0
DA:63,0
DA:65,0
DA:66,0
DA:67,0
DA:68,0
DA:69,0
DA:70,0
DA:73,0
DA:74,0
DA:75,0
DA:76,0
DA:77,0
DA:80,0
DA:81,0
DA:82,0
DA:83,0
DA:84,0
DA:87,0
DA:88,0
DA:89,0
DA:90,0
DA:91,0
DA:92,0
DA:95,0
DA:96,0
DA:97,0
DA:99,0
DA:100,0
DA:101,0
DA:102,0
DA:103,0
DA:104,0
DA:105,0
DA:106,0
DA:108,0
DA:111,0
DA:112,0
DA:114,0
DA:117,0
DA:118,0
DA:120,0
DA:121,0
DA:129,0
DA:130,0
DA:131,0
DA:133,0
DA:134,0
DA:135,0
DA:136,0
DA:137,0
DA:139,0
DA:141,0
DA:142,0
DA:143,0
DA:145,0
DA:147,0
DA:148,0
DA:149,0
DA:167,0
DA:169,0
DA:170,0
DA:171,0
DA:172,0
DA:175,0
DA:176,0
DA:177,0
LF:92
LH:0
end_of_record
TN:
SF:/home/erick/hashed/hashed-substrate/node/src/main.rs
FN:12,main
FNF:1
FNDA:0,main
DA:12,0
DA:13,0
LF:2
LH:0
end_of_record
TN:
SF:/home/erick/hashed/hashed-substrate/node/src/rpc.rs
FN:31,create_full<sc_service::client::client::Client<sc_client_db::Backend<sp_runtime::generic::block::Block<sp_runtime::generic::header::Header<u32, sp_runtime::traits::BlakeTwo256>, sp_runtime::OpaqueExtrinsic>>, sc_service::client::call_executor::LocalCallExecutor<sp_runtime::generic::block::Block<sp_runtime::generic::header::Header<u32, sp_runtime::traits::BlakeTwo256>, sp_runtime::OpaqueExtrinsic>, sc_client_db::Backend<sp_runtime::generic::block::Block<sp_runtime::generic::header::Header<u32, sp_runtime::traits::BlakeTwo256>, sp_runtime::OpaqueExtrinsic>>, sc_executor::native_executor::NativeElseWasmExecutor<hashed::service::ExecutorDispatch>>, sp_runtime::generic::block::Block<sp_runtime::generic::header::Header<u32, sp_runtime::traits::BlakeTwo256>, sp_runtime::OpaqueExtrinsic>, hashed_runtime::RuntimeApi>, sc_transaction_pool::BasicPool<sc_transaction_pool::api::FullChainApi<sc_service::client::client::Client<sc_client_db::Backend<sp_runtime::generic::block::Block<sp_runtime::generic::header::Header<u32, sp_runtime::traits::BlakeTwo256>, sp_runtime::OpaqueExtrinsic>>, sc_service::client::call_executor::LocalCallExecutor<sp_runtime::generic::block::Block<sp_runtime::generic::header::Header<u32, sp_runtime::traits::BlakeTwo256>, sp_runtime::OpaqueExtrinsic>, sc_client_db::Backend<sp_runtime::generic::block::Block<sp_runtime::generic::header::Header<u32, sp_runtime::traits::BlakeTwo256>, sp_runtime::OpaqueExtrinsic>>, sc_executor::native_executor::NativeElseWasmExecutor<hashed::service::ExecutorDispatch>>, sp_runtime::generic::block::Block<sp_runtime::generic::header::Header<u32, sp_runtime::traits::BlakeTwo256>, sp_runtime::OpaqueExtrinsic>, hashed_runtime::RuntimeApi>, sp_runtime::generic::block::Block<sp_runtime::generic::header::Header<u32, sp_runtime::traits::BlakeTwo256>, sp_runtime::OpaqueExtrinsic>>, sp_runtime::generic::block::Block<sp_runtime::generic::header::Header<u32, sp_runtime::traits::BlakeTwo256>, sp_runtime::OpaqueExtrinsic>>>
FNF:1
FNDA:0,create_full<sc_service::client::client::Client<sc_client_db::Backend<sp_runtime::generic::block::Block<sp_runtime::generic::header::Header<u32, sp_runtime::traits::BlakeTwo256>, sp_runtime::OpaqueExtrinsic>>, sc_service::client::call_executor::LocalCallExecutor<sp_runtime::generic::block::Block<sp_runtime::generic::header::Header<u32, sp_runtime::traits::BlakeTwo256>, sp_runtime::OpaqueExtrinsic>, sc_client_db::Backend<sp_runtime::generic::block::Block<sp_runtime::generic::header::Header<u32, sp_runtime::traits::BlakeTwo256>, sp_runtime::OpaqueExtrinsic>>, sc_executor::native_executor::NativeElseWasmExecutor<hashed::service::ExecutorDispatch>>, sp_runtime::generic::block::Block<sp_runtime::generic::header::Header<u32, sp_runtime::traits::BlakeTwo256>, sp_runtime::OpaqueExtrinsic>, hashed_runtime::RuntimeApi>, sc_transaction_pool::BasicPool<sc_transaction_pool::api::FullChainApi<sc_service::client::client::Client<sc_client_db::Backend<sp_runtime::generic::block::Block<sp_runtime::generic::header::Header<u32, sp_runtime::traits::BlakeTwo256>, sp_runtime::OpaqueExtrinsic>>, sc_service::client::call_executor::LocalCallExecutor<sp_runtime::generic::block::Block<sp_runtime::generic::header::Header<u32, sp_runtime::traits::BlakeTwo256>, sp_runtime::OpaqueExtrinsic>, sc_client_db::Backend<sp_runtime::generic::block::Block<sp_runtime::generic::header::Header<u32, sp_runtime::traits::BlakeTwo256>, sp_runtime::OpaqueExtrinsic>>, sc_executor::native_executor::NativeElseWasmExecutor<hashed::service::ExecutorDispatch>>, sp_runtime::generic::block::Block<sp_runtime::generic::header::Header<u32, sp_runtime::traits::BlakeTwo256>, sp_runtime::OpaqueExtrinsic>, hashed_runtime::RuntimeApi>, sp_runtime::generic::block::Block<sp_runtime::generic::header::Header<u32, sp_runtime::traits::BlakeTwo256>, sp_runtime::OpaqueExtrinsic>>, sp_runtime::generic::block::Block<sp_runtime::generic::header::Header<u32, sp_runtime::traits::BlakeTwo256>, sp_runtime::OpaqueExtrinsic>>>
DA:31,0
DA:46,0
DA:47,0
DA:49,0
DA:50,0
DA:57,0
LF:6
LH:0
end_of_record
TN:
SF:/home/erick/hashed/hashed-substrate/node/src/service.rs
FN:25,dispatch
FN:29,native_version
FN:39,new_partial
FN:68,{closure#0}
FN:69,{closure#1}
FN:86,{closure#2}
FN:91,{closure#3}
FN:110,{closure#4}
FN:120,{closure#5}
FN:137,{closure#6}
FN:152,remote_keystore
FN:160,new_full
FN:228,{closure#0}
FN:254,{closure#1}
FN:269,{closure#2}
FN:288,{closure#3}
FN:312,{closure#4}
FN:330,{closure#5}
FNF:18
FNDA:0,dispatch
FNDA:0,native_version
FNDA:0,new_partial
FNDA:0,{closure#0}
FNDA:0,{closure#1}
FNDA:0,{closure#2}
FNDA:0,{closure#3}
FNDA:0,{closure#4}
FNDA:0,{closure#5}
FNDA:0,{closure#6}
FNDA:0,remote_keystore
FNDA:0,new_full
FNDA:0,{closure#0}
FNDA:0,{closure#1}
FNDA:0,{closure#2}
FNDA:0,{closure#3}
FNDA:0,{closure#4}
FNDA:0,{closure#5}
DA:25,0
DA:26,0
DA:29,0
DA:30,0
DA:39,0
DA:61,0
DA:62,0
DA:65,0
DA:68,0
DA:69,0
DA:70,0
DA:71,0
DA:72,0
DA:78,0
DA:79,0
DA:83,0
DA:86,0
DA:87,0
DA:89,0
DA:91,0
DA:92,0
DA:96,0
DA:99,0
DA:100,0
DA:101,0
DA:102,0
DA:103,0
DA:107,0
DA:108,0
DA:109,0
DA:110,0
DA:113,0
DA:115,0
DA:117,0
DA:118,0
DA:119,0
DA:120,0
DA:121,0
DA:124,0
DA:125,0
DA:126,0
DA:129,0
DA:131,0
DA:132,0
DA:133,0
DA:135,0
DA:136,0
DA:137,0
DA:140,0
DA:141,0
DA:142,0
DA:143,0
DA:144,0
DA:145,0
DA:146,0
DA:147,0
DA:148,0
DA:152,0
DA:156,0
DA:160,0
DA:161,0
DA:162,0
DA:163,0
DA:164,0
DA:165,0
DA:166,0
DA:167,0
DA:168,0
DA:169,0
DA:172,0
DA:173,0
DA:174,0
DA:175,0
DA:176,0
DA:183,0
DA:184,0
DA:187,0
DA:190,0
DA:191,0
DA:192,0
DA:193,0
DA:194,0
DA:197,0
DA:200,0
DA:201,0
DA:202,0
DA:203,0
DA:204,0
DA:205,0
DA:208,0
DA:211,0
DA:212,0
DA:213,0
DA:217,0
DA:218,0
DA:219,0
DA:220,0
DA:221,0
DA:222,0
DA:225,0
DA:226,0
DA:228,0
DA:230,0
DA:231,0
DA:235,0
DA:236,0
DA:237,0
DA:238,0
DA:240,0
DA:241,0
DA:242,0
DA:243,0
DA:244,0
DA:245,0
DA:248,0
DA:250,0
DA:251,0
DA:252,0
DA:253,0
DA:254,0
DA:257,0
DA:260,0
DA:263,0
DA:265,0
DA:266,0
DA:267,0
DA:268,0
DA:269,0
DA:270,0
DA:273,0
DA:274,0
DA:275,0
DA:278,0
DA:281,0
DA:282,0
DA:283,0
DA:284,0
DA:285,0
DA:286,0
DA:287,0
DA:288,0
DA:294,0
DA:296,0
DA:301,0
DA:306,0
DA:308,0
DA:312,0
DA:316,0
DA:327,0
DA:329,0
DA:330,0
DA:335,0
DA:337,0
DA:338,0
DA:342,0
DA:343,0
LF:156
LH:0
end_of_record
TN:
SF:/home/erick/hashed/hashed-substrate/pallets/bitcoin-vaults/src/functions.rs
FN:481,bdk_gen_proposal<hashed_runtime::Runtime>
FN:498,gen_proposals_payload_by_bulk<hashed_runtime::Runtime>
FNF:2
FNDA:0,bdk_gen_proposal<hashed_runtime::Runtime>
FNDA:0,gen_proposals_payload_by_bulk<hashed_runtime::Runtime>
DA:22,1
DA:23,2
DA:24,1
DA:25,1
DA:26,1
DA:29,5
DA:32,11
DA:33,5
DA:35,5
DA:37,27
DA:39,10
DA:40,1
DA:42,20
DA:43,5
DA:45,2
DA:49,5
DA:50,3
DA:51,1
DA:53,0
DA:55,10
DA:57,5
DA:58,5
DA:61,2
DA:63,4
DA:64,7
DA:65,2
DA:67,8
DA:68,8
DA:69,6
DA:70,2
DA:71,2
DA:75,2
DA:76,4
DA:77,0
DA:79,2
DA:80,2
DA:83,0
DA:84,0
DA:85,0
DA:86,0
DA:87,0
DA:88,0
DA:90,0
DA:91,0
DA:94,4
DA:95,8
DA:96,6
DA:97,8
DA:98,4
DA:99,5
DA:100,9
DA:101,18
DA:102,5
DA:103,3
DA:105,6
DA:106,6
DA:109,2
DA:111,4
DA:112,2
DA:113,5
DA:115,2
DA:118,7
DA:119,4
DA:120,4
DA:121,6
DA:122,3
DA:123,4
DA:124,4
DA:125,2
DA:128,2
DA:131,2
DA:132,2
DA:135,1
DA:136,2
DA:137,2
DA:138,2
DA:140,2
DA:142,3
DA:143,1
DA:145,3
DA:147,0
DA:148,0
DA:149,0
DA:150,0
DA:152,0
DA:155,0
DA:156,0
DA:162,8
DA:163,16
DA:164,1
DA:165,0
DA:166,0
DA:167,0
DA:171,1
DA:176,8
DA:181,0
DA:182,0
DA:183,0
DA:184,0
DA:185,0
DA:186,0
DA:187,0
DA:189,0
DA:192,0
DA:193,0
DA:196,0
DA:197,0
DA:198,0
DA:199,0
DA:200,0
DA:201,0
DA:202,0
DA:204,0
DA:207,0
DA:208,0
DA:211,0
DA:212,0
DA:213,0
DA:214,0
DA:215,0
DA:216,0
DA:217,0
DA:218,0
DA:220,0
DA:223,0
DA:224,0
DA:228,0
DA:229,0
DA:230,0
DA:231,0
DA:232,0
DA:233,0
DA:234,0
DA:235,0
DA:237,0
DA:243,0
DA:244,0
DA:245,0
DA:246,0
DA:247,0
DA:248,0
DA:249,0
DA:250,0
DA:252,0
DA:258,0
DA:260,0
DA:261,0
DA:262,0
DA:263,0
DA:264,0
DA:265,0
DA:266,0
DA:268,0
DA:270,0
DA:272,0
DA:275,0
DA:277,0
DA:278,0
DA:279,0
DA:281,0
DA:298,0
DA:299,0
DA:302,0
DA:303,0
DA:308,0
DA:309,0
DA:310,0
DA:312,0
DA:313,0
DA:315,0
DA:316,0
DA:317,0
DA:318,0
DA:319,0
DA:320,0
DA:321,0
DA:322,0
DA:323,0
DA:325,0
DA:326,0
DA:327,0
DA:328,0
DA:330,0
DA:334,0
DA:335,0
DA:336,0
DA:337,0
DA:338,0
DA:339,0
DA:342,0
DA:345,0
DA:346,0
DA:349,0
DA:350,0
DA:352,0
DA:357,0
DA:358,0
DA:361,0
DA:362,0
DA:363,0
DA:364,0
DA:365,0
DA:366,0
DA:367,0
DA:370,0
DA:371,0
DA:374,0
DA:380,0
DA:381,0
DA:382,0
DA:383,0
DA:384,0
DA:385,0
DA:386,0
DA:387,0
DA:388,0
DA:389,0
DA:391,0
DA:392,0
DA:397,0
DA:399,0
DA:400,0
DA:401,0
DA:403,0
DA:405,0
DA:406,0
DA:409,0
DA:410,0
DA:411,0
DA:414,0
DA:417,0
DA:418,0
DA:419,0
DA:421,0
DA:422,0
DA:423,0
DA:424,0
DA:425,0
DA:426,0
DA:428,0
DA:429,0
DA:430,0
DA:431,0
DA:433,0
DA:436,0
DA:438,0
DA:441,0
DA:442,0
DA:443,0
DA:444,0
DA:445,0
DA:446,0
DA:448,0
DA:454,0
DA:459,0
DA:460,0
DA:462,0
DA:463,0
DA:465,0
DA:466,0
DA:467,0
DA:468,0
DA:469,0
DA:470,0
DA:471,0
DA:472,0
DA:473,0
DA:474,0
DA:475,0
DA:478,0
DA:481,0
DA:484,0
DA:485,0
DA:486,0
DA:488,0
DA:491,0
DA:492,0
DA:495,0
DA:498,0
DA:501,0
DA:502,0
DA:503,0
DA:504,0
DA:505,0
DA:506,0
DA:508,0
DA:509,0
DA:510,0
DA:511,0
DA:512,0
DA:514,0
DA:516,0
DA:519,0
DA:520,0
DA:521,0
DA:522,0
DA:523,0
DA:524,0
DA:526,0
DA:527,0
DA:529,0
DA:530,0
DA:531,0
DA:532,0
DA:533,0
DA:534,0
DA:535,0
DA:536,0
DA:538,0
DA:539,0
DA:540,0
DA:542,0
DA:543,0
DA:544,0
DA:545,0
DA:548,0
DA:571,0
DA:572,0
DA:573,0
DA:574,0
DA:575,0
DA:579,0
DA:580,0
DA:582,0
DA:583,0
DA:584,0
DA:586,0
DA:588,0
DA:589,0
DA:590,0
DA:594,0
DA:595,0
DA:597,0
DA:598,0
DA:599,0
DA:601,0
DA:603,0
DA:604,0
DA:605,0
DA:609,0
DA:613,0
DA:614,0
DA:616,0
DA:617,0
DA:618,0
DA:620,0
DA:622,0
DA:623,0
DA:624,0
DA:628,0
DA:632,0
DA:633,0
DA:641,0
DA:642,0
LF:354
LH:75
end_of_record
TN:
SF:/home/erick/hashed/hashed-substrate/pallets/bitcoin-vaults/src/lib.rs
FN:17,pallet_constants_metadata<pallet_bitcoin_vaults::mock::Test>
FN:51,default
FN:182,pallet_prefix<pallet_bitcoin_vaults::mock::Test>
FN:193,xpubs_by_owner<pallet_bitcoin_vaults::mock::Test, sp_core::sr25519::Public>
FN:198,proposals<pallet_bitcoin_vaults::mock::Test, [u8; 32]>
FN:208,proposals_by_vault<pallet_bitcoin_vaults::mock::Test, [u8; 32]>
FN:218,pallet_prefix<pallet_bitcoin_vaults::mock::Test>
FN:228,vaults_by_signer<pallet_bitcoin_vaults::mock::Test, sp_core::sr25519::Public>
FN:238,get
FN:239,__type_value_for_default_url
FN:242,pallet_prefix<pallet_bitcoin_vaults::mock::Test>
FN:324,set_xpub<pallet_bitcoin_vaults::mock::Test>
FN:367,{closure#0}<pallet_bitcoin_vaults::mock::Test>
FN:401,{closure#0}<pallet_bitcoin_vaults::mock::Test>
FN:403,create_vault<pallet_bitcoin_vaults::mock::Test>
FN:447,{closure#0}<pallet_bitcoin_vaults::mock::Test>
FN:449,remove_vault<pallet_bitcoin_vaults::mock::Test>
FN:470,{closure#0}<pallet_bitcoin_vaults::mock::Test>
FN:472,propose<pallet_bitcoin_vaults::mock::Test>
FN:505,{closure#0}<pallet_bitcoin_vaults::mock::Test>
FN:507,remove_proposal<pallet_bitcoin_vaults::mock::Test>
FN:531,{closure#0}<pallet_bitcoin_vaults::mock::Test>
FN:533,set_bdk_url<pallet_bitcoin_vaults::mock::Test>
FN:554,{closure#0}<pallet_bitcoin_vaults::mock::Test>
FN:556,save_psbt<pallet_bitcoin_vaults::mock::Test>
FN:577,{closure#0}<pallet_bitcoin_vaults::mock::Test>
FN:579,finalize_psbt<pallet_bitcoin_vaults::mock::Test>
FN:600,{closure#0}<pallet_bitcoin_vaults::mock::Test>
FN:602,broadcast_psbt<pallet_bitcoin_vaults::mock::Test>
FN:615,{closure#0}<pallet_bitcoin_vaults::mock::Test>
FN:617,kill_storage<pallet_bitcoin_vaults::mock::Test>
FN:633,{closure#0}<pallet_bitcoin_vaults::mock::Test>
FN:635,ocw_insert_descriptors<pallet_bitcoin_vaults::mock::Test>
FN:668,{closure#0}<pallet_bitcoin_vaults::mock::Test>
FN:670,ocw_insert_psbts<pallet_bitcoin_vaults::mock::Test>
FN:696,{closure#0}<pallet_bitcoin_vaults::mock::Test>
FN:698,ocw_finalize_psbts<pallet_bitcoin_vaults::mock::Test>
FNF:37
FNDA:3,pallet_constants_metadata<pallet_bitcoin_vaults::mock::Test>
FNDA:0,default
FNDA:16,pallet_prefix<pallet_bitcoin_vaults::mock::Test>
FNDA:18,xpubs_by_owner<pallet_bitcoin_vaults::mock::Test, sp_core::sr25519::Public>
FNDA:12,proposals<pallet_bitcoin_vaults::mock::Test, [u8; 32]>
FNDA:16,proposals_by_vault<pallet_bitcoin_vaults::mock::Test, [u8; 32]>
FNDA:10,pallet_prefix<pallet_bitcoin_vaults::mock::Test>
FNDA:4,vaults_by_signer<pallet_bitcoin_vaults::mock::Test, sp_core::sr25519::Public>
FNDA:0,get
FNDA:0,__type_value_for_default_url
FNDA:0,pallet_prefix<pallet_bitcoin_vaults::mock::Test>
FNDA:8,set_xpub<pallet_bitcoin_vaults::mock::Test>
FNDA:5,{closure#0}<pallet_bitcoin_vaults::mock::Test>
FNDA:26,{closure#0}<pallet_bitcoin_vaults::mock::Test>
FNDA:6,create_vault<pallet_bitcoin_vaults::mock::Test>
FNDA:6,{closure#0}<pallet_bitcoin_vaults::mock::Test>
FNDA:1,remove_vault<pallet_bitcoin_vaults::mock::Test>
FNDA:16,{closure#0}<pallet_bitcoin_vaults::mock::Test>
FNDA:4,propose<pallet_bitcoin_vaults::mock::Test>
FNDA:0,{closure#0}<pallet_bitcoin_vaults::mock::Test>
FNDA:0,remove_proposal<pallet_bitcoin_vaults::mock::Test>
FNDA:0,{closure#0}<pallet_bitcoin_vaults::mock::Test>
FNDA:0,set_bdk_url<pallet_bitcoin_vaults::mock::Test>
FNDA:10,{closure#0}<pallet_bitcoin_vaults::mock::Test>
FNDA:2,save_psbt<pallet_bitcoin_vaults::mock::Test>
FNDA:6,{closure#0}<pallet_bitcoin_vaults::mock::Test>
FNDA:1,finalize_psbt<pallet_bitcoin_vaults::mock::Test>
FNDA:0,{closure#0}<pallet_bitcoin_vaults::mock::Test>
FNDA:0,broadcast_psbt<pallet_bitcoin_vaults::mock::Test>
FNDA:0,{closure#0}<pallet_bitcoin_vaults::mock::Test>
FNDA:0,kill_storage<pallet_bitcoin_vaults::mock::Test>
FNDA:0,{closure#0}<pallet_bitcoin_vaults::mock::Test>
FNDA:0,ocw_insert_descriptors<pallet_bitcoin_vaults::mock::Test>
FNDA:0,{closure#0}<pallet_bitcoin_vaults::mock::Test>
FNDA:0,ocw_insert_psbts<pallet_bitcoin_vaults::mock::Test>
FNDA:0,{closure#0}<pallet_bitcoin_vaults::mock::Test>
FNDA:0,ocw_finalize_psbts<pallet_bitcoin_vaults::mock::Test>
DA:17,3
DA:51,0
DA:52,0
DA:58,0
DA:60,0
DA:182,16
DA:193,18
DA:198,12
DA:208,16
DA:218,10
DA:228,4
DA:238,0
DA:239,0
DA:240,0
DA:242,0
DA:257,0
DA:260,0
DA:261,0
DA:262,0
DA:268,0
DA:269,0
DA:271,0
DA:273,0
DA:274,0
DA:275,0
DA:277,0
DA:279,0
DA:280,0
DA:281,0
DA:283,0
DA:284,0
DA:285,0
DA:286,0
DA:287,0
DA:288,0
DA:290,0
DA:292,0
DA:295,0
DA:296,0
DA:298,0
DA:302,0
DA:323,0
DA:324,8
DA:329,16
DA:330,16
DA:331,17
DA:332,16
DA:334,8
DA:335,0
DA:336,2
DA:337,0
DA:342,16
DA:344,8
DA:346,8
DA:348,16
DA:350,16
DA:354,8
DA:357,8
DA:367,5
DA:368,0
DA:369,1
DA:370,1
DA:372,3
DA:374,4
DA:375,1
DA:376,1
DA:377,1
DA:378,3
DA:380,0
DA:382,1
DA:383,2
DA:385,2
DA:401,26
DA:402,0
DA:403,6
DA:410,12
DA:411,6
DA:412,13
DA:413,3
DA:416,11
DA:418,7
DA:420,5
DA:424,5
DA:431,5
DA:434,5
DA:447,6
DA:448,0
DA:449,1
DA:453,2
DA:455,2
DA:470,16
DA:471,0
DA:472,4
DA:479,8
DA:482,4
DA:485,4
DA:491,4
DA:492,4
DA:494,4
DA:505,0
DA:506,0
DA:507,0
DA:511,0
DA:512,0
DA:517,0
DA:518,0
DA:531,0
DA:532,0
DA:533,0
DA:537,0
DA:538,0
DA:539,0
DA:554,10
DA:555,0
DA:556,2
DA:561,4
DA:562,2
DA:577,6
DA:578,0
DA:579,1
DA:584,1
DA:585,1
DA:600,0
DA:601,0
DA:602,0
DA:606,0
DA:607,0
DA:615,0
DA:616,0
DA:617,0
DA:620,0
DA:621,0
DA:622,0
DA:623,0
DA:624,0
DA:625,0
DA:626,0
DA:633,0
DA:634,0
DA:635,0
DA:641,0
DA:642,0
DA:643,0
DA:644,0
DA:645,0
DA:646,0
DA:647,0
DA:648,0
DA:649,0
DA:650,0
DA:652,0
DA:654,0
DA:655,0
DA:656,0
DA:658,0
DA:668,0
DA:669,0
DA:670,0
DA:675,0
DA:676,0
DA:677,0
DA:678,0
DA:679,0
DA:680,0
DA:681,0
DA:682,0
DA:683,0
DA:685,0
DA:688,0
DA:689,0
DA:696,0
DA:697,0
DA:698,0
DA:704,0
DA:705,0
DA:706,0
DA:707,0
DA:708,0
DA:709,0
DA:711,0
DA:720,0
DA:721,0
DA:722,0
DA:723,0
DA:724,0
DA:730,0
DA:731,0
DA:732,0
DA:733,0
DA:735,0
DA:737,0
DA:738,0
DA:739,0
DA:741,0
DA:743,0
DA:744,0
DA:745,0
DA:747,0
DA:749,0
LF:199
LH:65
end_of_record
TN:
SF:/home/erick/hashed/hashed-substrate/pallets/bitcoin-vaults/src/types.rs
FN:213,clone
FN:275,is_ready_to_finalize
FN:282,next_status
FN:306,default
FNF:4
FNDA:0,clone
FNDA:0,is_ready_to_finalize
FNDA:0,next_status
FNDA:0,default
DA:25,0
DA:64,4
DA:65,8
DA:68,4
DA:69,8
DA:70,4
DA:71,4
DA:72,0
DA:75,5
DA:76,5
DA:77,4
DA:78,5
DA:79,5
DA:83,4
DA:84,4
DA:89,0
DA:90,0
DA:95,5
DA:97,5
DA:98,5
DA:99,5
DA:100,5
DA:101,5
DA:102,5
DA:116,0
DA:118,0
DA:119,0
DA:142,0
DA:143,0
DA:152,1
DA:154,4
DA:155,5
DA:156,5
DA:157,5
DA:158,1
DA:159,5
DA:160,5
DA:161,5
DA:162,5
DA:163,5
DA:164,5
DA:188,4
DA:189,4
DA:213,0
DA:215,0
DA:216,0
DA:217,0
DA:218,0
DA:224,0
DA:225,0
DA:254,0
DA:255,0
DA:275,0
DA:276,0
DA:277,0
DA:278,0
DA:282,0
DA:284,0
DA:285,0
DA:286,0
DA:287,0
DA:288,0
DA:290,0
DA:306,0
DA:307,0
DA:312,0
DA:313,0
DA:314,0
DA:315,0
DA:317,0
DA:320,0
DA:337,5
DA:338,5
DA:343,5
DA:344,5
DA:345,5
DA:346,4
DA:347,0
DA:348,0
DA:354,4
DA:355,4
DA:356,0
DA:357,0
DA:358,8
DA:362,0
DA:363,0
DA:364,0
DA:365,0
DA:366,0
LF:89
LH:43
end_of_record
TN:
SF:/home/erick/hashed/hashed-substrate/pallets/confidential-docs/src/functions.rs
FN:9,do_set_vault<pallet_confidential_docs::mock::Test>
FN:30,do_set_owned_document<pallet_confidential_docs::mock::Test>
FN:49,do_remove_owned_document<pallet_confidential_docs::mock::Test>
FN:53,{closure#0}<pallet_confidential_docs::mock::Test>
FN:62,do_share_document<pallet_confidential_docs::mock::Test>
FN:85,do_update_shared_document_metadata<pallet_confidential_docs::mock::Test>
FN:95,do_remove_shared_document<pallet_confidential_docs::mock::Test>
FN:99,{closure#0}<pallet_confidential_docs::mock::Test>
FN:104,{closure#0}<pallet_confidential_docs::mock::Test>
FN:113,validate_owned_doc<pallet_confidential_docs::mock::Test>
FN:127,validate_shared_doc<pallet_confidential_docs::mock::Test>
FN:145,validate_has_public_key<pallet_confidential_docs::mock::Test>
FN:149,validate_cid<pallet_confidential_docs::mock::Test>
FN:154,validate_doc_name<pallet_confidential_docs::mock::Test>
FN:159,validate_doc_desc<pallet_confidential_docs::mock::Test>
FNF:15
FNDA:4,do_set_vault<pallet_confidential_docs::mock::Test>
FNDA:2,do_set_owned_document<pallet_confidential_docs::mock::Test>
FNDA:1,do_remove_owned_document<pallet_confidential_docs::mock::Test>
FNDA:3,{closure#0}<pallet_confidential_docs::mock::Test>
FNDA:2,do_share_document<pallet_confidential_docs::mock::Test>
FNDA:1,do_update_shared_document_metadata<pallet_confidential_docs::mock::Test>
FNDA:1,do_remove_shared_document<pallet_confidential_docs::mock::Test>
FNDA:3,{closure#0}<pallet_confidential_docs::mock::Test>
FNDA:3,{closure#0}<pallet_confidential_docs::mock::Test>
FNDA:2,validate_owned_doc<pallet_confidential_docs::mock::Test>
FNDA:2,validate_shared_doc<pallet_confidential_docs::mock::Test>
FNDA:2,validate_has_public_key<pallet_confidential_docs::mock::Test>
FNDA:4,validate_cid<pallet_confidential_docs::mock::Test>
FNDA:1,validate_doc_name<pallet_confidential_docs::mock::Test>
FNDA:1,validate_doc_desc<pallet_confidential_docs::mock::Test>
DA:9,4
DA:10,9
DA:11,4
DA:12,4
DA:13,2
DA:15,5
DA:19,4
DA:20,4
DA:22,8
DA:23,4
DA:24,4
DA:26,4
DA:27,4
DA:30,2
DA:31,4
DA:32,3
DA:33,4
DA:34,2
DA:35,0
DA:36,0
DA:37,2
DA:38,3
DA:40,8
DA:41,2
DA:42,0
DA:44,4
DA:45,2
DA:46,2
DA:49,1
DA:50,5
DA:51,5
DA:52,5
DA:53,3
DA:54,2
DA:55,1
DA:56,0
DA:57,2
DA:58,1
DA:59,1
DA:62,2
DA:63,2
DA:64,5
DA:65,4
DA:66,2
DA:67,2
DA:68,2
DA:69,0
DA:70,0
DA:72,6
DA:73,2
DA:74,0
DA:76,8
DA:77,2
DA:78,0
DA:80,4
DA:81,2
DA:82,2
DA:85,1
DA:86,6
DA:87,5
DA:88,2
DA:89,1
DA:90,1
DA:91,1
DA:92,1
DA:95,1
DA:96,5
DA:97,5
DA:98,5
DA:99,3
DA:100,2
DA:101,1
DA:102,0
DA:103,5
DA:104,3
DA:105,2
DA:106,1
DA:107,0
DA:108,2
DA:109,1
DA:110,1
DA:113,2
DA:114,0
DA:115,2
DA:116,2
DA:117,2
DA:118,2
DA:119,0
DA:120,3
DA:121,3
DA:122,3
DA:123,5
DA:124,2
DA:127,2
DA:128,0
DA:129,2
DA:130,2
DA:131,2
DA:132,2
DA:133,2
DA:134,0
DA:135,3
DA:136,5
DA:137,5
DA:138,5
DA:139,5
DA:140,5
DA:141,5
DA:142,2
DA:145,2
DA:146,3
DA:147,2
DA:149,4
DA:150,5
DA:151,4
DA:154,1
DA:155,2
DA:156,1
DA:159,1
DA:160,2
DA:161,2
LF:121
LH:107
end_of_record
TN:
SF:/home/erick/hashed/hashed-substrate/pallets/confidential-docs/src/lib.rs
FN:62,vaults<pallet_confidential_docs::mock::Test, [u8; 32]>
FN:72,public_keys<pallet_confidential_docs::mock::Test, u64>
FN:82,pallet_prefix<pallet_confidential_docs::mock::Test>
FN:92,owned_docs<pallet_confidential_docs::mock::Test, &sp_runtime::bounded::bounded_vec::BoundedVec<u8, sp_runtime::traits::ConstU32<100>>>
FN:102,owned_docs_by_owner<pallet_confidential_docs::mock::Test, u64>
FN:112,shared_docs<pallet_confidential_docs::mock::Test, &sp_runtime::bounded::bounded_vec::BoundedVec<u8, sp_runtime::traits::ConstU32<100>>>
FN:122,shared_docs_by_to<pallet_confidential_docs::mock::Test, u64>
FN:132,shared_docs_by_from<pallet_confidential_docs::mock::Test, u64>
FN:215,{closure#0}<pallet_confidential_docs::mock::Test>
FN:217,set_vault<pallet_confidential_docs::mock::Test>
FN:229,{closure#0}<pallet_confidential_docs::mock::Test>
FN:231,set_owned_document<pallet_confidential_docs::mock::Test>
FN:243,{closure#0}<pallet_confidential_docs::mock::Test>
FN:245,remove_owned_document<pallet_confidential_docs::mock::Test>
FN:257,{closure#0}<pallet_confidential_docs::mock::Test>
FN:259,share_document<pallet_confidential_docs::mock::Test>
FN:272,{closure#0}<pallet_confidential_docs::mock::Test>
FN:274,update_shared_document_metadata<pallet_confidential_docs::mock::Test>
FN:288,{closure#0}<pallet_confidential_docs::mock::Test>
FN:290,remove_shared_document<pallet_confidential_docs::mock::Test>
FN:306,{closure#0}<pallet_confidential_docs::mock::Test>
FN:308,kill_storage<pallet_confidential_docs::mock::Test>
FNF:22
FNDA:10,vaults<pallet_confidential_docs::mock::Test, [u8; 32]>
FNDA:8,public_keys<pallet_confidential_docs::mock::Test, u64>
FNDA:8,pallet_prefix<pallet_confidential_docs::mock::Test>
FNDA:6,owned_docs<pallet_confidential_docs::mock::Test, &sp_runtime::bounded::bounded_vec::BoundedVec<u8, sp_runtime::traits::ConstU32<100>>>
FNDA:8,owned_docs_by_owner<pallet_confidential_docs::mock::Test, u64>
FNDA:6,shared_docs<pallet_confidential_docs::mock::Test, &sp_runtime::bounded::bounded_vec::BoundedVec<u8, sp_runtime::traits::ConstU32<100>>>
FNDA:10,shared_docs_by_to<pallet_confidential_docs::mock::Test, u64>
FNDA:10,shared_docs_by_from<pallet_confidential_docs::mock::Test, u64>
FNDA:20,{closure#0}<pallet_confidential_docs::mock::Test>
FNDA:4,set_vault<pallet_confidential_docs::mock::Test>
FNDA:9,{closure#0}<pallet_confidential_docs::mock::Test>
FNDA:2,set_owned_document<pallet_confidential_docs::mock::Test>
FNDA:5,{closure#0}<pallet_confidential_docs::mock::Test>
FNDA:1,remove_owned_document<pallet_confidential_docs::mock::Test>
FNDA:10,{closure#0}<pallet_confidential_docs::mock::Test>
FNDA:2,share_document<pallet_confidential_docs::mock::Test>
FNDA:7,{closure#0}<pallet_confidential_docs::mock::Test>
FNDA:1,update_shared_document_metadata<pallet_confidential_docs::mock::Test>
FNDA:5,{closure#0}<pallet_confidential_docs::mock::Test>
FNDA:1,remove_shared_document<pallet_confidential_docs::mock::Test>
FNDA:0,{closure#0}<pallet_confidential_docs::mock::Test>
FNDA:0,kill_storage<pallet_confidential_docs::mock::Test>
DA:20,5
DA:62,10
DA:72,8
DA:82,8
DA:92,6
DA:102,8
DA:112,6
DA:122,10
DA:132,10
DA:215,20
DA:216,0
DA:217,4
DA:218,8
DA:219,4
DA:229,9
DA:230,0
DA:231,2
DA:232,4
DA:233,2
DA:243,5
DA:244,0
DA:245,1
DA:246,2
DA:247,1
DA:257,10
DA:258,0
DA:259,2
DA:260,4
DA:261,2
DA:272,7
DA:273,0
DA:274,1
DA:275,3
DA:276,2
DA:288,5
DA:289,0
DA:290,1
DA:291,2
DA:292,1
DA:306,0
DA:307,0
DA:308,0
DA:311,0
DA:312,0
DA:313,0
DA:314,0
DA:315,0
DA:316,0
DA:317,0
DA:318,0
DA:319,0
LF:51
LH:33
end_of_record
TN:
SF:/home/erick/hashed/hashed-substrate/pallets/fruniques/src/functions.rs
FN:16,u32_to_instance_id<pallet_fruniques::mock::Test>
FN:47,account_id_to_lookup_source<pallet_fruniques::mock::Test>
FN:90,set_attribute<pallet_fruniques::mock::Test>
FN:145,do_create_collection<pallet_fruniques::mock::Test>
FN:196,do_spawn<pallet_fruniques::mock::Test>
FNF:5
FNDA:0,u32_to_instance_id<pallet_fruniques::mock::Test>
FNDA:2,account_id_to_lookup_source<pallet_fruniques::mock::Test>
FNDA:0,set_attribute<pallet_fruniques::mock::Test>
FNDA:1,do_create_collection<pallet_fruniques::mock::Test>
FNDA:2,do_spawn<pallet_fruniques::mock::Test>
DA:16,0
DA:20,0
DA:27,0
DA:30,0
DA:31,0
DA:34,1
DA:35,1
DA:38,0
DA:39,0
DA:40,0
DA:42,0
DA:44,0
DA:47,2
DA:50,2
DA:59,0
DA:60,0
DA:61,0
DA:63,0
DA:66,1
DA:67,1
DA:70,2
DA:71,2
DA:72,1
DA:74,2
DA:77,1
DA:78,1
DA:79,1
DA:81,2
DA:84,0
DA:85,0
DA:87,0
DA:90,0
DA:98,0
DA:99,0
DA:100,0
DA:101,0
DA:102,0
DA:104,0
DA:113,0
DA:114,0
DA:122,0
DA:123,0
DA:131,0
DA:132,0
DA:135,0
DA:136,0
DA:137,0
DA:138,0
DA:140,0
DA:145,1
DA:151,2
DA:154,1
DA:155,2
DA:156,2
DA:157,1
DA:159,1
DA:162,6
DA:164,3
DA:175,0
DA:177,0
DA:179,0
DA:180,0
DA:182,0
DA:185,0
DA:186,0
DA:187,0
DA:188,0
DA:189,0
DA:193,0
DA:196,2
DA:204,4
DA:205,4
DA:208,2
DA:209,2
DA:210,0
DA:211,2
DA:215,3
DA:216,3
DA:218,1
DA:219,1
DA:220,1
DA:221,1
DA:222,1
DA:227,2
DA:230,0
DA:231,0
LF:86
LH:37
end_of_record
TN:
SF:/home/erick/hashed/hashed-substrate/pallets/fruniques/src/lib.rs
FN:94,pallet_prefix<pallet_fruniques::mock::Test>
FN:99,next_collection<pallet_fruniques::mock::Test>
FN:108,pallet_prefix<pallet_fruniques::mock::Test>
FN:119,pallet_prefix<pallet_fruniques::mock::Test>
FN:132,pallet_prefix<pallet_fruniques::mock::Test>
FN:145,pallet_prefix<pallet_fruniques::mock::Test>
FN:163,{closure#0}<pallet_fruniques::mock::Test>
FN:179,create_collection<pallet_fruniques::mock::Test>
FN:202,instance_exists<pallet_fruniques::mock::Test>
FN:223,set_attributes<pallet_fruniques::mock::Test>
FN:258,spawn<pallet_fruniques::mock::Test>
FN:309,verify<pallet_fruniques::mock::Test>
FN:337,invite<pallet_fruniques::mock::Test>
FN:359,force_set_counter<pallet_fruniques::mock::Test>
FN:387,force_destroy_collection<pallet_fruniques::mock::Test>
FN:414,{closure#0}<pallet_fruniques::mock::Test>
FNF:16
FNDA:0,pallet_prefix<pallet_fruniques::mock::Test>
FNDA:4,next_collection<pallet_fruniques::mock::Test>
FNDA:4,pallet_prefix<pallet_fruniques::mock::Test>
FNDA:2,pallet_prefix<pallet_fruniques::mock::Test>
FNDA:0,pallet_prefix<pallet_fruniques::mock::Test>
FNDA:2,pallet_prefix<pallet_fruniques::mock::Test>
FNDA:0,{closure#0}<pallet_fruniques::mock::Test>
FNDA:1,create_collection<pallet_fruniques::mock::Test>
FNDA:0,instance_exists<pallet_fruniques::mock::Test>
FNDA:1,set_attributes<pallet_fruniques::mock::Test>
FNDA:2,spawn<pallet_fruniques::mock::Test>
FNDA:0,verify<pallet_fruniques::mock::Test>
FNDA:0,invite<pallet_fruniques::mock::Test>
FNDA:0,force_set_counter<pallet_fruniques::mock::Test>
FNDA:0,force_destroy_collection<pallet_fruniques::mock::Test>
FNDA:0,{closure#0}<pallet_fruniques::mock::Test>
DA:17,12
DA:94,0
DA:99,4
DA:108,4
DA:119,2
DA:132,0
DA:145,2
DA:163,0
DA:164,0
DA:165,0
DA:166,0
DA:168,0
DA:178,0
DA:179,1
DA:183,2
DA:185,2
DA:188,1
DA:189,0
DA:190,1
DA:191,1
DA:194,3
DA:196,3
DA:198,3
DA:201,0
DA:202,0
DA:214,0
DA:222,0
DA:223,1
DA:229,3
DA:232,2
DA:233,2
DA:235,2
DA:237,3
DA:238,0
DA:240,0
DA:241,0
DA:242,0
DA:243,0
DA:244,0
DA:247,0
DA:257,0
DA:258,2
DA:265,6
DA:267,2
DA:268,2
DA:271,3
DA:272,4
DA:274,4
DA:275,2
DA:277,2
DA:278,2
DA:279,1
DA:284,1
DA:285,1
DA:288,1
DA:291,4
DA:293,2
DA:294,2
DA:295,2
DA:296,2
DA:297,0
DA:300,2
DA:308,0
DA:309,0
DA:314,0
DA:315,0
DA:317,0
DA:319,0
DA:321,0
DA:323,0
DA:336,0
DA:337,0
DA:343,0
DA:345,0
DA:346,0
DA:358,0
DA:359,0
DA:364,0
DA:366,0
DA:367,0
DA:368,0
DA:370,0
DA:371,0
DA:374,0
DA:386,0
DA:387,0
DA:393,0
DA:395,0
DA:397,0
DA:398,0
DA:399,0
DA:401,0
DA:414,0
DA:415,0
DA:416,0
DA:417,0
DA:418,0
DA:419,0
DA:420,0
DA:421,0
DA:422,0
DA:423,0
DA:424,0
LF:103
LH:40
end_of_record
TN:
SF:/home/erick/hashed/hashed-substrate/pallets/fruniques/src/types.rs
FN:50,default
FN:56,to_vec
FN:65,id
FN:69,enum_to_vec
FN:93,to_vec
FN:103,id
FN:107,owner_permissions
FN:112,admin_permissions
FN:126,collaborator_permissions
FN:131,holder_permissions
FNF:10
FNDA:0,default
FNDA:0,to_vec
FNDA:0,id
FNDA:0,enum_to_vec
FNDA:0,to_vec
FNDA:0,id
FNDA:0,owner_permissions
FNDA:0,admin_permissions
FNDA:0,collaborator_permissions
FNDA:0,holder_permissions
DA:50,0
DA:51,0
DA:56,0
DA:57,0
DA:58,0
DA:59,0
DA:60,0
DA:61,0
DA:65,0
DA:66,0
DA:69,0
DA:71,0
DA:93,0
DA:94,0
DA:95,0
DA:96,0
DA:97,0
DA:98,0
DA:99,0
DA:103,0
DA:104,0
DA:107,0
DA:109,0
DA:112,0
DA:114,0
DA:115,0
DA:116,0
DA:117,0
DA:118,0
DA:119,0
DA:122,0
DA:126,0
DA:128,0
DA:131,0
DA:133,0
LF:35
LH:0
end_of_record
TN:
SF:/home/erick/hashed/hashed-substrate/pallets/fund-admin/src/functions.rs
FN:49,do_sudo_add_administrator<pallet_fund_admin::mock::Test>
FN:60,do_sudo_remove_administrator<pallet_fund_admin::mock::Test>
FN:78,do_create_project<pallet_fund_admin::mock::Test>
FN:157,do_edit_project<pallet_fund_admin::mock::Test>
FN:221,do_delete_project<pallet_fund_admin::mock::Test>
FN:286,do_execute_assign_users<pallet_fund_admin::mock::Test>
FN:322,do_assign_user<pallet_fund_admin::mock::Test>
FN:360,do_unassign_user<pallet_fund_admin::mock::Test>
FN:398,do_execute_users<pallet_fund_admin::mock::Test>
FN:446,do_create_user<pallet_fund_admin::mock::Test>
FN:484,do_update_user<pallet_fund_admin::mock::Test>
FN:512,do_delete_user<pallet_fund_admin::mock::Test>
FN:549,do_edit_user<pallet_fund_admin::mock::Test>
FN:593,do_execute_expenditures<pallet_fund_admin::mock::Test>
FN:668,do_create_expenditure<pallet_fund_admin::mock::Test>
FN:724,do_update_expenditure<pallet_fund_admin::mock::Test>
FN:770,do_delete_expenditure<pallet_fund_admin::mock::Test>
FN:792,do_create_drawdown<pallet_fund_admin::mock::Test>
FN:838,do_initialize_drawdowns<pallet_fund_admin::mock::Test>
FN:860,do_submit_drawdown<pallet_fund_admin::mock::Test>
FN:906,do_approve_drawdown<pallet_fund_admin::mock::Test>
FN:962,do_reject_drawdown<pallet_fund_admin::mock::Test>
FN:1069,do_execute_transactions<pallet_fund_admin::mock::Test>
FN:1130,do_create_transaction<pallet_fund_admin::mock::Test>
FN:1183,do_update_transaction<pallet_fund_admin::mock::Test>
FN:1228,do_delete_transaction<pallet_fund_admin::mock::Test>
FN:1257,do_up_bulk_upload<pallet_fund_admin::mock::Test>
FN:1306,do_execute_inflation_adjustment<pallet_fund_admin::mock::Test>
FN:1396,is_project_completion_date_later<pallet_fund_admin::mock::Test>
FN:1407,add_project_role<pallet_fund_admin::mock::Test>
FN:1493,remove_project_role<pallet_fund_admin::mock::Test>
FN:1579,check_user_role<pallet_fund_admin::mock::Test>
FN:1599,is_project_completed<pallet_fund_admin::mock::Test>
FN:1612,is_drawdown_editable<pallet_fund_admin::mock::Test>
FN:1649,is_transaction_editable<pallet_fund_admin::mock::Test>
FN:1687,sudo_register_admin<pallet_fund_admin::mock::Test>
FN:1745,do_calculate_drawdown_total_amount<pallet_fund_admin::mock::Test>
FNF:37
FNDA:5,do_sudo_add_administrator<pallet_fund_admin::mock::Test>
FNDA:1,do_sudo_remove_administrator<pallet_fund_admin::mock::Test>
FNDA:0,do_create_project<pallet_fund_admin::mock::Test>
FNDA:0,do_edit_project<pallet_fund_admin::mock::Test>
FNDA:0,do_delete_project<pallet_fund_admin::mock::Test>
FNDA:0,do_execute_assign_users<pallet_fund_admin::mock::Test>
FNDA:0,do_assign_user<pallet_fund_admin::mock::Test>
FNDA:0,do_unassign_user<pallet_fund_admin::mock::Test>
FNDA:3,do_execute_users<pallet_fund_admin::mock::Test>
FNDA:1,do_create_user<pallet_fund_admin::mock::Test>
FNDA:1,do_update_user<pallet_fund_admin::mock::Test>
FNDA:1,do_delete_user<pallet_fund_admin::mock::Test>
FNDA:0,do_edit_user<pallet_fund_admin::mock::Test>
FNDA:0,do_execute_expenditures<pallet_fund_admin::mock::Test>
FNDA:0,do_create_expenditure<pallet_fund_admin::mock::Test>
FNDA:0,do_update_expenditure<pallet_fund_admin::mock::Test>
FNDA:0,do_delete_expenditure<pallet_fund_admin::mock::Test>
FNDA:0,do_create_drawdown<pallet_fund_admin::mock::Test>
FNDA:0,do_initialize_drawdowns<pallet_fund_admin::mock::Test>
FNDA:0,do_submit_drawdown<pallet_fund_admin::mock::Test>
FNDA:0,do_approve_drawdown<pallet_fund_admin::mock::Test>
FNDA:0,do_reject_drawdown<pallet_fund_admin::mock::Test>
FNDA:0,do_execute_transactions<pallet_fund_admin::mock::Test>
FNDA:0,do_create_transaction<pallet_fund_admin::mock::Test>
FNDA:0,do_update_transaction<pallet_fund_admin::mock::Test>
FNDA:0,do_delete_transaction<pallet_fund_admin::mock::Test>
FNDA:0,do_up_bulk_upload<pallet_fund_admin::mock::Test>
FNDA:0,do_execute_inflation_adjustment<pallet_fund_admin::mock::Test>
FNDA:0,is_project_completion_date_later<pallet_fund_admin::mock::Test>
FNDA:0,add_project_role<pallet_fund_admin::mock::Test>
FNDA:0,remove_project_role<pallet_fund_admin::mock::Test>
FNDA:0,check_user_role<pallet_fund_admin::mock::Test>
FNDA:0,is_project_completed<pallet_fund_admin::mock::Test>
FNDA:0,is_drawdown_editable<pallet_fund_admin::mock::Test>
FNDA:0,is_transaction_editable<pallet_fund_admin::mock::Test>
FNDA:5,sudo_register_admin<pallet_fund_admin::mock::Test>
FNDA:0,do_calculate_drawdown_total_amount<pallet_fund_admin::mock::Test>
DA:18,8
DA:20,8
DA:21,8
DA:22,8
DA:23,9
DA:26,16
DA:27,8
DA:30,8
DA:31,8
DA:34,8
DA:35,8
DA:38,8
DA:39,8
DA:42,8
DA:43,8
DA:45,8
DA:46,8
DA:49,5
DA:54,11
DA:56,5
DA:57,5
DA:60,1
DA:64,3
DA:66,3
DA:67,3
DA:78,0
DA:102,0
DA:105,0
DA:109,0
DA:112,0
DA:116,0
DA:117,0
DA:118,0
DA:119,0
DA:124,0
DA:133,0
DA:137,0
DA:138,0
DA:141,0
DA:144,0
DA:145,0
DA:149,0
DA:152,0
DA:154,0
DA:157,0
DA:168,0
DA:171,0
DA:174,0
DA:177,0
DA:180,0
DA:181,0
DA:183,0
DA:184,0
DA:185,0
DA:187,0
DA:188,0
DA:189,0
DA:191,0
DA:192,0
DA:193,0
DA:195,0
DA:196,0
DA:197,0
DA:199,0
DA:200,0
DA:202,0
DA:205,0
DA:208,0
DA:210,0
DA:214,0
DA:217,0
DA:218,0
DA:221,0
DA:226,0
DA:229,0
DA:232,0
DA:235,0
DA:240,0
DA:241,0
DA:242,0
DA:243,0
DA:248,0
DA:251,0
DA:254,0
DA:255,0
DA:256,0
DA:260,0
DA:262,0
DA:263,0
DA:265,0
DA:266,0
DA:267,0
DA:271,0
DA:274,0
DA:279,0
DA:282,0
DA:283,0
DA:286,0
DA:296,0
DA:299,0
DA:302,0
DA:305,0
DA:306,0
DA:307,0
DA:308,0
DA:310,0
DA:311,0
DA:318,0
DA:319,0
DA:322,0
DA:328,0
DA:331,0
DA:332,0
DA:335,0
DA:338,0
DA:341,0
DA:342,0
DA:343,0
DA:347,0
DA:348,0
DA:349,0
DA:353,0
DA:356,0
DA:357,0
DA:360,0
DA:366,0
DA:369,0
DA:370,0
DA:373,0
DA:376,0
DA:379,0
DA:380,0
DA:384,0
DA:385,0
DA:389,0
DA:391,0
DA:392,0
DA:398,3
DA:408,7
DA:410,5
DA:411,2
DA:412,1
DA:415,2
DA:416,2
DA:417,3
DA:420,0
DA:423,2
DA:424,2
DA:425,1
DA:428,0
DA:430,2
DA:434,1
DA:441,1
DA:442,1
DA:446,1
DA:452,2
DA:455,3
DA:458,2
DA:460,1
DA:461,0
DA:462,2
DA:464,0
DA:467,1
DA:469,1
DA:471,1
DA:476,2
DA:477,1
DA:481,1
DA:484,1
DA:490,3
DA:493,5
DA:494,4
DA:496,4
DA:497,4
DA:499,4
DA:501,2
DA:503,1
DA:505,1
DA:508,1
DA:509,1
DA:512,1
DA:516,3
DA:518,1
DA:519,0
DA:520,0
DA:522,0
DA:524,2
DA:525,2
DA:528,2
DA:531,1
DA:534,1
DA:535,0
DA:536,0
DA:537,0
DA:541,1
DA:545,1
DA:549,0
DA:557,0
DA:560,0
DA:561,0
DA:564,0
DA:565,0
DA:566,0
DA:568,0
DA:569,0
DA:570,0
DA:572,0
DA:573,0
DA:574,0
DA:576,0
DA:578,0
DA:579,0
DA:581,0
DA:584,0
DA:586,0
DA:593,0
DA:607,0
DA:610,0
DA:613,0
DA:615,0
DA:616,0
DA:617,0
DA:620,0
DA:621,0
DA:622,0
DA:623,0
DA:624,0
DA:625,0
DA:628,0
DA:631,0
DA:632,0
DA:633,0
DA:634,0
DA:635,0
DA:636,0
DA:639,0
DA:642,0
DA:651,0
DA:668,0
DA:677,0
DA:680,0
DA:683,0
DA:686,0
DA:689,0
DA:692,0
DA:693,0
DA:694,0
DA:696,0
DA:702,0
DA:711,0
DA:712,0
DA:715,0
DA:716,0
DA:717,0
DA:720,0
DA:721,0
DA:724,0
DA:733,0
DA:736,0
DA:739,0
DA:742,0
DA:743,0
DA:746,0
DA:750,0
DA:751,0
DA:753,0
DA:754,0
DA:756,0
DA:757,0
DA:759,0
DA:760,0
DA:763,0
DA:766,0
DA:767,0
DA:770,0
DA:774,0
DA:777,0
DA:780,0
DA:781,0
DA:782,0
DA:785,0
DA:786,0
DA:792,0
DA:801,0
DA:804,0
DA:807,0
DA:815,0
DA:825,0
DA:826,0
DA:829,0
DA:830,0
DA:831,0
DA:835,0
DA:838,0
DA:843,0
DA:846,0
DA:849,0
DA:852,0
DA:855,0
DA:857,0
DA:860,0
DA:865,0
DA:868,0
DA:871,0
DA:874,0
DA:877,0
DA:879,0
DA:882,0
DA:885,0
DA:886,0
DA:887,0
DA:888,0
DA:889,0
DA:894,0
DA:895,0
DA:896,0
DA:897,0
DA:901,0
DA:903,0
DA:906,0
DA:912,0
DA:915,0
DA:918,0
DA:921,0
DA:924,0
DA:927,0
DA:929,0
DA:931,0
DA:934,0
DA:937,0
DA:938,0
DA:939,0
DA:940,0
DA:941,0
DA:946,0
DA:947,0
DA:948,0
DA:949,0
DA:950,0
DA:954,0
DA:957,0
DA:958,0
DA:962,0
DA:970,0
DA:973,0
DA:976,0
DA:979,0
DA:980,0
DA:982,0
DA:985,0
DA:988,0
DA:990,0
DA:993,0
DA:996,0
DA:997,0
DA:998,0
DA:999,0
DA:1004,0
DA:1006,0
DA:1008,0
DA:1009,0
DA:1010,0
DA:1011,0
DA:1016,0
DA:1019,0
DA:1021,0
DA:1024,0
DA:1026,0
DA:1029,0
DA:1032,0
DA:1033,0
DA:1034,0
DA:1035,0
DA:1041,0
DA:1044,0
DA:1045,0
DA:1046,0
DA:1047,0
DA:1053,0
DA:1054,0
DA:1055,0
DA:1056,0
DA:1060,0
DA:1062,0
DA:1069,0
DA:1082,0
DA:1085,0
DA:1088,0
DA:1091,0
DA:1093,0
DA:1094,0
DA:1095,0
DA:1098,0
DA:1099,0
DA:1100,0
DA:1101,0
DA:1102,0
DA:1105,0
DA:1108,0
DA:1109,0
DA:1110,0
DA:1113,0
DA:1116,0
DA:1124,0
DA:1126,0
DA:1127,0
DA:1130,0
DA:1138,0
DA:1144,0
DA:1147,0
DA:1150,0
DA:1162,0
DA:1168,0
DA:1169,0
DA:1172,0
DA:1173,0
DA:1174,0
DA:1178,0
DA:1179,0
DA:1183,0
DA:1189,0
DA:1192,0
DA:1193,0
DA:1197,0
DA:1198,0
DA:1202,0
DA:1205,0
DA:1206,0
DA:1209,0
DA:1211,0
DA:1212,0
DA:1215,0
DA:1216,0
DA:1218,0
DA:1219,0
DA:1223,0
DA:1225,0
DA:1228,0
DA:1232,0
DA:1235,0
DA:1238,0
DA:1241,0
DA:1242,0
DA:1243,0
DA:1247,0
DA:1250,0
DA:1252,0
DA:1257,0
DA:1266,0
DA:1269,0
DA:1272,0
DA:1275,0
DA:1278,0
DA:1279,0
DA:1282,0
DA:1285,0
DA:1288,0
DA:1291,0
DA:1292,0
DA:1293,0
DA:1294,0
DA:1295,0
DA:1296,0
DA:1297,0
DA:1298,0
DA:1301,0
DA:1306,0
DA:1311,0
DA:1314,0
DA:1317,0
DA:1319,0
DA:1320,0
DA:1322,0
DA:1324,0
DA:1325,0
DA:1326,0
DA:1327,0
DA:1331,0
DA:1335,0
DA:1337,0
DA:1338,0
DA:1339,0
DA:1340,0
DA:1346,0
DA:1353,5
DA:1354,5
DA:1356,5
DA:1360,8
DA:1362,16
DA:1367,5
DA:1368,5
DA:1369,0
DA:1378,0
DA:1381,0
DA:1384,0
DA:1387,0
DA:1388,0
DA:1389,0
DA:1390,0
DA:1393,0
DA:1396,0
DA:1400,0
DA:1403,0
DA:1404,0
DA:1407,0
DA:1413,0
DA:1414,0
DA:1415,0
DA:1417,0
DA:1422,0
DA:1423,0
DA:1424,0
DA:1425,0
DA:1427,0
DA:1429,0
DA:1430,0
DA:1431,0
DA:1434,0
DA:1437,0
DA:1439,0
DA:1440,0
DA:1441,0
DA:1442,0
DA:1444,0
DA:1446,0
DA:1447,0
DA:1448,0
DA:1451,0
DA:1454,0
DA:1456,0
DA:1457,0
DA:1458,0
DA:1459,0
DA:1461,0
DA:1463,0
DA:1464,0
DA:1465,0
DA:1468,0
DA:1471,0
DA:1473,0
DA:1474,0
DA:1475,0
DA:1476,0
DA:1478,0
DA:1480,0
DA:1481,0
DA:1482,0
DA:1485,0
DA:1490,0
DA:1493,0
DA:1499,0
DA:1500,0
DA:1501,0
DA:1503,0
DA:1507,0
DA:1508,0
DA:1509,0
DA:1510,0
DA:1512,0
DA:1514,0
DA:1515,0
DA:1518,0
DA:1521,0
DA:1523,0
DA:1524,0
DA:1525,0
DA:1526,0
DA:1528,0
DA:1530,0
DA:1531,0
DA:1534,0
DA:1537,0
DA:1539,0
DA:1540,0
DA:1541,0
DA:1542,0
DA:1544,0
DA:1546,0
DA:1547,0
DA:1550,0
DA:1553,0
DA:1555,0
DA:1556,0
DA:1557,0
DA:1558,0
DA:1560,0
DA:1562,0
DA:1563,0
DA:1566,0
DA:1570,0
DA:1579,0
DA:1584,0
DA:1587,0
DA:1588,0
DA:1592,0
DA:1593,0
DA:1596,0
DA:1599,0
DA:1603,0
DA:1606,0
DA:1608,0
DA:1612,0
DA:1616,0
DA:1619,0
DA:1620,0
DA:1623,0
DA:1624,0
DA:1625,0
DA:1627,0
DA:1628,0
DA:1630,0
DA:1631,0
DA:1635,0
DA:1637,0
DA:1638,0
DA:1639,0
DA:1641,0
DA:1642,0
DA:1649,0
DA:1653,0
DA:1657,0
DA:1658,0
DA:1659,0
DA:1661,0
DA:1662,0
DA:1668,3
DA:1670,3
DA:1671,3
DA:1672,3
DA:1673,3
DA:1678,0
DA:1680,0
DA:1681,0
DA:1682,0
DA:1683,0
DA:1687,5
DA:1692,11
DA:1695,8
DA:1700,5
DA:1702,5
DA:1707,10
DA:1711,5
DA:1712,5
DA:1713,5
DA:1714,5
DA:1717,5
DA:1720,1
DA:1722,3
DA:1725,4
DA:1729,3
DA:1730,3
DA:1731,3
DA:1732,3
DA:1735,3
DA:1739,0
DA:1740,0
DA:1741,0
DA:1742,0
DA:1745,0
DA:1750,0
DA:1753,0
DA:1755,0
DA:1757,0
DA:1759,0
DA:1762,0
DA:1766,0
DA:1767,0
DA:1768,0
DA:1769,0
DA:1772,0
LF:670
LH:105
end_of_record
TN:
SF:/home/erick/hashed/hashed-substrate/pallets/fund-admin/src/lib.rs
FN:23,pallet_constants_metadata<pallet_fund_admin::mock::Test>
FN:98,pallet_prefix<pallet_fund_admin::mock::Test>
FN:106,users_info<pallet_fund_admin::mock::Test, u64>
FN:116,pallet_prefix<pallet_fund_admin::mock::Test>
FN:126,users_by_project<pallet_fund_admin::mock::Test, [u8; 32]>
FN:136,pallet_prefix<pallet_fund_admin::mock::Test>
FN:146,pallet_prefix<pallet_fund_admin::mock::Test>
FN:156,expenditures_by_project<pallet_fund_admin::mock::Test, [u8; 32]>
FN:166,pallet_prefix<pallet_fund_admin::mock::Test>
FN:176,drawdowns_by_project<pallet_fund_admin::mock::Test, [u8; 32]>
FN:186,pallet_prefix<pallet_fund_admin::mock::Test>
FN:196,transactions_by_drawdown<pallet_fund_admin::mock::Test, [u8; 32], [u8; 32]>
FN:413,{closure#0}<pallet_fund_admin::mock::Test>
FN:415,initial_setup<pallet_fund_admin::mock::Test>
FN:436,{closure#0}<pallet_fund_admin::mock::Test>
FN:438,sudo_add_administrator<pallet_fund_admin::mock::Test>
FN:463,{closure#0}<pallet_fund_admin::mock::Test>
FN:465,sudo_remove_administrator<pallet_fund_admin::mock::Test>
FN:505,{closure#0}<pallet_fund_admin::mock::Test>
FN:507,users<pallet_fund_admin::mock::Test>
FN:538,{closure#0}<pallet_fund_admin::mock::Test>
FN:540,users_edit_user<pallet_fund_admin::mock::Test>
FN:592,projects_create_project<pallet_fund_admin::mock::Test>
FN:644,{closure#0}<pallet_fund_admin::mock::Test>
FN:646,projects_edit_project<pallet_fund_admin::mock::Test>
FN:676,{closure#0}<pallet_fund_admin::mock::Test>
FN:678,projects_delete_project<pallet_fund_admin::mock::Test>
FN:721,{closure#0}<pallet_fund_admin::mock::Test>
FN:723,projects_assign_user<pallet_fund_admin::mock::Test>
FN:767,{closure#0}<pallet_fund_admin::mock::Test>
FN:769,expenditures<pallet_fund_admin::mock::Test>
FN:823,{closure#0}<pallet_fund_admin::mock::Test>
FN:825,submit_drawdown<pallet_fund_admin::mock::Test>
FN:905,{closure#0}<pallet_fund_admin::mock::Test>
FN:907,approve_drawdown<pallet_fund_admin::mock::Test>
FN:997,{closure#0}<pallet_fund_admin::mock::Test>
FN:999,reject_drawdown<pallet_fund_admin::mock::Test>
FN:1031,{closure#0}<pallet_fund_admin::mock::Test>
FN:1033,up_bulkupload<pallet_fund_admin::mock::Test>
FN:1066,{closure#0}<pallet_fund_admin::mock::Test>
FN:1068,inflation_rate<pallet_fund_admin::mock::Test>
FN:1087,{closure#0}<pallet_fund_admin::mock::Test>
FN:1089,kill_storage<pallet_fund_admin::mock::Test>
FNF:43
FNDA:3,pallet_constants_metadata<pallet_fund_admin::mock::Test>
FNDA:16,pallet_prefix<pallet_fund_admin::mock::Test>
FNDA:20,users_info<pallet_fund_admin::mock::Test, u64>
FNDA:0,pallet_prefix<pallet_fund_admin::mock::Test>
FNDA:0,users_by_project<pallet_fund_admin::mock::Test, [u8; 32]>
FNDA:2,pallet_prefix<pallet_fund_admin::mock::Test>
FNDA:0,pallet_prefix<pallet_fund_admin::mock::Test>
FNDA:0,expenditures_by_project<pallet_fund_admin::mock::Test, [u8; 32]>
FNDA:0,pallet_prefix<pallet_fund_admin::mock::Test>
FNDA:0,drawdowns_by_project<pallet_fund_admin::mock::Test, [u8; 32]>
FNDA:0,pallet_prefix<pallet_fund_admin::mock::Test>
FNDA:0,transactions_by_drawdown<pallet_fund_admin::mock::Test, [u8; 32], [u8; 32]>
FNDA:5,{closure#0}<pallet_fund_admin::mock::Test>
FNDA:1,initial_setup<pallet_fund_admin::mock::Test>
FNDA:30,{closure#0}<pallet_fund_admin::mock::Test>
FNDA:6,sudo_add_administrator<pallet_fund_admin::mock::Test>
FNDA:8,{closure#0}<pallet_fund_admin::mock::Test>
FNDA:1,sudo_remove_administrator<pallet_fund_admin::mock::Test>
FNDA:10,{closure#0}<pallet_fund_admin::mock::Test>
FNDA:2,users<pallet_fund_admin::mock::Test>
FNDA:0,{closure#0}<pallet_fund_admin::mock::Test>
FNDA:0,users_edit_user<pallet_fund_admin::mock::Test>
FNDA:0,projects_create_project<pallet_fund_admin::mock::Test>
FNDA:0,{closure#0}<pallet_fund_admin::mock::Test>
FNDA:0,projects_edit_project<pallet_fund_admin::mock::Test>
FNDA:0,{closure#0}<pallet_fund_admin::mock::Test>
FNDA:0,projects_delete_project<pallet_fund_admin::mock::Test>
FNDA:0,{closure#0}<pallet_fund_admin::mock::Test>
FNDA:0,projects_assign_user<pallet_fund_admin::mock::Test>
FNDA:0,{closure#0}<pallet_fund_admin::mock::Test>
FNDA:0,expenditures<pallet_fund_admin::mock::Test>
FNDA:0,{closure#0}<pallet_fund_admin::mock::Test>
FNDA:0,submit_drawdown<pallet_fund_admin::mock::Test>
FNDA:0,{closure#0}<pallet_fund_admin::mock::Test>
FNDA:0,approve_drawdown<pallet_fund_admin::mock::Test>
FNDA:0,{closure#0}<pallet_fund_admin::mock::Test>
FNDA:0,reject_drawdown<pallet_fund_admin::mock::Test>
FNDA:0,{closure#0}<pallet_fund_admin::mock::Test>
FNDA:0,up_bulkupload<pallet_fund_admin::mock::Test>
FNDA:0,{closure#0}<pallet_fund_admin::mock::Test>
FNDA:0,inflation_rate<pallet_fund_admin::mock::Test>
FNDA:0,{closure#0}<pallet_fund_admin::mock::Test>
FNDA:0,kill_storage<pallet_fund_admin::mock::Test>
DA:23,3
DA:98,16
DA:106,20
DA:116,0
DA:126,0
DA:136,2
DA:146,0
DA:156,0
DA:166,0
DA:176,0
DA:186,0
DA:196,0
DA:413,5
DA:414,0
DA:415,1
DA:418,1
DA:419,2
DA:420,0
DA:436,30
DA:437,0
DA:438,6
DA:443,12
DA:444,6
DA:445,5
DA:463,8
DA:464,0
DA:465,1
DA:469,2
DA:470,2
DA:471,3
DA:505,10
DA:506,0
DA:507,2
DA:516,6
DA:518,3
DA:538,0
DA:539,0
DA:540,0
DA:547,0
DA:549,0
DA:591,0
DA:592,0
DA:615,0
DA:617,0
DA:644,0
DA:645,0
DA:646,0
DA:656,0
DA:658,0
DA:676,0
DA:677,0
DA:678,0
DA:682,0
DA:684,0
DA:721,0
DA:722,0
DA:723,0
DA:732,0
DA:734,0
DA:767,0
DA:768,0
DA:769,0
DA:782,0
DA:784,0
DA:823,0
DA:824,0
DA:825,0
DA:838,0
DA:840,0
DA:842,0
DA:843,0
DA:846,0
DA:847,0
DA:848,0
DA:851,0
DA:853,0
DA:856,0
DA:857,0
DA:858,0
DA:863,0
DA:905,0
DA:906,0
DA:907,0
DA:920,0
DA:923,0
DA:924,0
DA:926,0
DA:927,0
DA:930,0
DA:931,0
DA:932,0
DA:936,0
DA:939,0
DA:941,0
DA:944,0
DA:945,0
DA:946,0
DA:950,0
DA:954,0
DA:959,0
DA:961,0
DA:997,0
DA:998,0
DA:999,0
DA:1006,0
DA:1008,0
DA:1031,0
DA:1032,0
DA:1033,0
DA:1041,0
DA:1043,0
DA:1066,0
DA:1067,0
DA:1068,0
DA:1072,0
DA:1074,0
DA:1087,0
DA:1088,0
DA:1089,0
DA:1092,0
DA:1093,0
DA:1094,0
DA:1095,0
DA:1096,0
DA:1097,0
DA:1098,0
DA:1099,0
DA:1100,0
DA:1101,0
DA:1102,0
DA:1103,0
DA:1105,0
DA:1106,0
LF:133
LH:22
end_of_record
TN:
SF:/home/erick/hashed/hashed-substrate/pallets/fund-admin/src/types.rs
FN:39,default
FN:86,default
FN:125,default
FN:139,default
FN:169,default
FN:188,to_vec
FN:200,id
FN:204,enum_to_vec
FN:231,to_vec
FN:248,id
FN:252,administrator_permissions
FN:271,builder_permissions
FN:280,investor_permissions
FN:285,issuer_permissions
FN:290,regional_center_permissions
FNF:15
FNDA:0,default
FNDA:0,default
FNDA:0,default
FNDA:0,default
FNDA:0,default
FNDA:8,to_vec
FNDA:5,id
FNDA:0,enum_to_vec
FNDA:8,to_vec
FNDA:3,id
FNDA:8,administrator_permissions
FNDA:8,builder_permissions
FNDA:8,investor_permissions
FNDA:8,issuer_permissions
FNDA:8,regional_center_permissions
DA:39,0
DA:40,0
DA:86,0
DA:87,0
DA:125,0
DA:126,0
DA:139,0
DA:140,0
DA:169,0
DA:170,0
DA:188,8
DA:189,8
DA:192,16
DA:193,16
DA:194,16
DA:195,16
DA:196,8
DA:200,5
DA:201,5
DA:204,0
DA:206,0
DA:231,8
DA:232,8
DA:233,16
DA:234,16
DA:235,16
DA:236,16
DA:237,16
DA:238,16
DA:239,16
DA:240,16
DA:241,16
DA:242,16
DA:243,16
DA:244,8
DA:248,3
DA:249,3
DA:252,8
DA:254,8
DA:255,8
DA:256,8
DA:257,8
DA:258,8
DA:259,8
DA:260,8
DA:261,8
DA:262,8
DA:263,8
DA:264,8
DA:265,8
DA:266,8
DA:267,0
DA:271,8
DA:274,8
DA:275,8
DA:276,8
DA:277,0
DA:280,8
DA:282,8
DA:285,8
DA:287,8
DA:290,8
DA:292,8
LF:63
LH:49
end_of_record
TN:
SF:/home/erick/hashed/hashed-substrate/pallets/gated-marketplace/src/functions.rs
FN:473,set_up_application<pallet_gated_marketplace::mock::Test>
FNF:1
FNDA:3,set_up_application<pallet_gated_marketplace::mock::Test>
DA:16,8
DA:17,8
DA:18,24
DA:19,16
DA:20,16
DA:21,8
DA:24,8
DA:25,8
DA:27,8
DA:29,8
DA:31,8
DA:32,8
DA:35,8
DA:37,8
DA:39,9
DA:41,16
DA:42,16
DA:43,16
DA:44,8
DA:45,8
DA:46,8
DA:49,3
DA:51,7
DA:53,5
DA:55,4
DA:57,1
DA:59,5
DA:61,5
DA:62,2
DA:65,5
DA:66,2
DA:67,2
DA:69,2
DA:70,2
DA:73,0
DA:74,0
DA:76,0
DA:79,0
DA:81,0
DA:82,0
DA:85,0
DA:87,0
DA:90,0
DA:92,0
DA:94,0
DA:97,1
DA:99,3
DA:100,1
DA:101,1
DA:102,1
DA:104,1
DA:105,1
DA:106,1
DA:107,8
DA:108,3
DA:109,1
DA:111,1
DA:112,3
DA:115,3
DA:117,1
DA:118,1
DA:122,5
DA:126,10
DA:130,5
DA:131,0
DA:132,3
DA:133,0
DA:136,0
DA:137,5
DA:141,3
DA:142,4
DA:146,1
DA:149,3
DA:154,2
DA:155,0
DA:156,2
DA:157,2
DA:159,0
DA:161,3
DA:164,2
DA:166,2
DA:168,0
DA:170,2
DA:175,1
DA:176,1
DA:180,1
DA:182,4
DA:185,3
DA:187,2
DA:188,1
DA:189,1
DA:193,2
DA:195,3
DA:198,3
DA:200,4
DA:201,1
DA:202,1
DA:205,2
DA:208,3
DA:209,3
DA:211,3
DA:212,4
DA:214,2
DA:218,4
DA:221,3
DA:224,3
DA:231,1
DA:241,5
DA:244,6
DA:245,1
DA:246,0
DA:249,6
DA:250,2
DA:251,0
DA:255,3
DA:256,1
DA:259,4
DA:260,2
DA:261,0
DA:263,2
DA:264,1
DA:267,1
DA:269,4
DA:272,2
DA:273,2
DA:278,3
DA:279,3
DA:281,0
DA:285,2
DA:286,2
DA:289,3
DA:292,2
DA:295,2
DA:302,1
DA:313,4
DA:314,1
DA:315,0
DA:318,4
DA:319,1
DA:320,0
DA:324,2
DA:325,1
DA:328,3
DA:329,1
DA:330,0
DA:332,1
DA:333,1
DA:336,3
DA:339,5
DA:341,3
DA:344,3
DA:347,4
DA:350,2
DA:353,2
DA:357,2
DA:359,2
DA:361,2
DA:364,4
DA:365,1
DA:369,2
DA:372,2
DA:374,1
DA:375,1
DA:378,1
DA:381,4
DA:383,2
DA:386,2
DA:389,3
DA:392,3
DA:395,2
DA:398,2
DA:402,2
DA:404,2
DA:406,2
DA:408,4
DA:409,1
DA:413,2
DA:416,2
DA:418,1
DA:419,1
DA:423,1
DA:425,3
DA:428,2
DA:429,2
DA:432,3
DA:435,3
DA:438,2
DA:441,1
DA:444,4
DA:445,3
DA:446,1
DA:447,1
DA:448,0
DA:451,5
DA:452,3
DA:453,1
DA:454,1
DA:455,0
DA:458,5
DA:459,3
DA:460,1
DA:461,1
DA:462,0
DA:464,1
DA:466,1
DA:473,3
DA:477,12
DA:478,3
DA:479,6
DA:481,3
DA:482,3
DA:483,2
DA:484,8
DA:485,2
DA:488,2
DA:490,3
DA:492,3
DA:495,8
DA:497,33
DA:498,9
DA:500,8
DA:503,2
DA:504,7
DA:505,2
DA:506,3
DA:508,2
DA:511,1
DA:512,4
DA:513,1
DA:514,3
DA:516,1
DA:519,1
DA:520,4
DA:521,4
DA:522,1
DA:523,2
DA:525,1
DA:530,1
DA:532,5
DA:533,2
DA:534,1
DA:539,1
DA:540,2
DA:541,4
DA:542,2
DA:543,4
DA:544,2
DA:545,2
DA:546,1
DA:547,1
DA:548,1
DA:550,1
DA:552,2
DA:554,2
DA:557,2
DA:559,2
DA:560,1
DA:562,2
DA:563,1
DA:566,1
DA:569,5
DA:571,5
DA:572,5
DA:573,5
DA:574,5
DA:581,1
DA:582,3
DA:583,1
DA:600,1
DA:607,3
DA:608,2
DA:613,1
DA:614,3
DA:615,2
DA:616,1
DA:617,1
DA:625,1
DA:631,1
DA:634,2
DA:635,2
DA:636,1
DA:640,1
DA:641,1
DA:645,4
DA:646,1
DA:650,1
DA:653,3
DA:654,1
DA:658,1
DA:660,1
DA:662,2
DA:670,3
DA:671,8
DA:672,3
DA:674,4
DA:675,0
DA:677,2
DA:678,2
DA:679,2
DA:680,0
DA:682,1
DA:683,1
DA:684,1
DA:687,1
DA:691,2
DA:692,1
DA:693,2
DA:695,1
DA:698,0
DA:700,0
DA:701,0
DA:703,0
DA:708,1
DA:709,1
DA:711,4
DA:712,1
DA:719,1
DA:720,2
DA:722,2
DA:723,4
DA:724,1
DA:725,1
DA:726,2
DA:727,1
DA:731,1
DA:734,2
DA:735,1
DA:736,3
DA:737,1
DA:740,1
DA:741,2
DA:744,3
DA:745,2
DA:746,1
DA:748,3
DA:749,1
DA:754,1
DA:757,1
DA:759,3
DA:762,1
DA:764,2
DA:765,1
DA:767,2
DA:768,1
DA:772,0
DA:776,0
DA:778,0
DA:780,0
DA:782,0
DA:784,0
DA:785,0
DA:787,0
DA:788,0
DA:792,0
DA:793,0
DA:795,0
DA:798,1
DA:799,1
DA:800,1
DA:806,8
DA:808,16
LF:361
LH:316
end_of_record
TN:
SF:/home/erick/hashed/hashed-substrate/pallets/gated-marketplace/src/lib.rs
FN:77,marketplaces<pallet_gated_marketplace::mock::Test, [u8; 32]>
FN:87,applications<pallet_gated_marketplace::mock::Test, [u8; 32]>
FN:97,applications_by_account<pallet_gated_marketplace::mock::Test, u64, [u8; 32]>
FN:110,applicants_by_marketplace<pallet_gated_marketplace::mock::Test, [u8; 32], pallet_gated_marketplace::types::ApplicationStatus>
FN:122,custodians<pallet_gated_marketplace::mock::Test, u64, [u8; 32]>
FN:134,offers_by_item<pallet_gated_marketplace::mock::Test, u32, u32>
FN:146,offers_by_account<pallet_gated_marketplace::mock::Test, u64>
FN:156,offers_by_marketplace<pallet_gated_marketplace::mock::Test, [u8; 32]>
FN:166,offers_info<pallet_gated_marketplace::mock::Test, [u8; 32]>
FN:293,{closure#0}<pallet_gated_marketplace::mock::Test>
FN:309,{closure#0}<pallet_gated_marketplace::mock::Test>
FN:334,{closure#0}<pallet_gated_marketplace::mock::Test>
FN:336,apply<pallet_gated_marketplace::mock::Test>
FN:372,{closure#0}<pallet_gated_marketplace::mock::Test>
FN:374,reapply<pallet_gated_marketplace::mock::Test>
FN:417,{closure#0}<pallet_gated_marketplace::mock::Test>
FN:435,{closure#0}<pallet_gated_marketplace::mock::Test>
FN:457,{closure#0}<pallet_gated_marketplace::mock::Test>
FN:479,{closure#0}<pallet_gated_marketplace::mock::Test>
FN:502,{closure#0}<pallet_gated_marketplace::mock::Test>
FN:523,{closure#0}<pallet_gated_marketplace::mock::Test>
FN:547,{closure#0}<pallet_gated_marketplace::mock::Test>
FN:569,{closure#0}<pallet_gated_marketplace::mock::Test>
FN:591,{closure#0}<pallet_gated_marketplace::mock::Test>
FN:616,{closure#0}<pallet_gated_marketplace::mock::Test>
FN:641,{closure#0}<pallet_gated_marketplace::mock::Test>
FN:662,{closure#0}<pallet_gated_marketplace::mock::Test>
FN:664,kill_storage<pallet_gated_marketplace::mock::Test>
FNF:28
FNDA:18,marketplaces<pallet_gated_marketplace::mock::Test, [u8; 32]>
FNDA:6,applications<pallet_gated_marketplace::mock::Test, [u8; 32]>
FNDA:6,applications_by_account<pallet_gated_marketplace::mock::Test, u64, [u8; 32]>
FNDA:6,applicants_by_marketplace<pallet_gated_marketplace::mock::Test, [u8; 32], pallet_gated_marketplace::types::ApplicationStatus>
FNDA:4,custodians<pallet_gated_marketplace::mock::Test, u64, [u8; 32]>
FNDA:6,offers_by_item<pallet_gated_marketplace::mock::Test, u32, u32>
FNDA:6,offers_by_account<pallet_gated_marketplace::mock::Test, u64>
FNDA:5,offers_by_marketplace<pallet_gated_marketplace::mock::Test, [u8; 32]>
FNDA:6,offers_info<pallet_gated_marketplace::mock::Test, [u8; 32]>
FNDA:0,{closure#0}<pallet_gated_marketplace::mock::Test>
FNDA:40,{closure#0}<pallet_gated_marketplace::mock::Test>
FNDA:13,{closure#0}<pallet_gated_marketplace::mock::Test>
FNDA:3,apply<pallet_gated_marketplace::mock::Test>
FNDA:11,{closure#0}<pallet_gated_marketplace::mock::Test>
FNDA:1,reapply<pallet_gated_marketplace::mock::Test>
FNDA:5,{closure#0}<pallet_gated_marketplace::mock::Test>
FNDA:0,{closure#0}<pallet_gated_marketplace::mock::Test>
FNDA:28,{closure#0}<pallet_gated_marketplace::mock::Test>
FNDA:6,{closure#0}<pallet_gated_marketplace::mock::Test>
FNDA:6,{closure#0}<pallet_gated_marketplace::mock::Test>
FNDA:7,{closure#0}<pallet_gated_marketplace::mock::Test>
FNDA:10,{closure#0}<pallet_gated_marketplace::mock::Test>
FNDA:10,{closure#0}<pallet_gated_marketplace::mock::Test>
FNDA:6,{closure#0}<pallet_gated_marketplace::mock::Test>
FNDA:8,{closure#0}<pallet_gated_marketplace::mock::Test>
FNDA:6,{closure#0}<pallet_gated_marketplace::mock::Test>
FNDA:0,{closure#0}<pallet_gated_marketplace::mock::Test>
FNDA:0,kill_storage<pallet_gated_marketplace::mock::Test>
DA:16,3
DA:77,18
DA:87,6
DA:97,6
DA:110,6
DA:122,4
DA:134,6
DA:146,6
DA:156,5
DA:166,6
DA:293,0
DA:294,0
DA:295,0
DA:296,0
DA:297,0
DA:298,0
DA:309,40
DA:310,0
DA:311,8
DA:312,16
DA:316,8
DA:334,13
DA:335,0
DA:336,3
DA:343,6
DA:345,3
DA:346,0
DA:350,3
DA:352,3
DA:355,3
DA:372,11
DA:373,0
DA:374,1
DA:381,4
DA:383,3
DA:384,0
DA:387,3
DA:389,3
DA:392,9
DA:394,1
DA:417,5
DA:418,0
DA:419,1
DA:420,2
DA:422,1
DA:435,0
DA:436,0
DA:437,0
DA:438,0
DA:440,0
DA:457,28
DA:458,0
DA:459,5
DA:460,10
DA:462,5
DA:479,6
DA:480,0
DA:481,1
DA:482,3
DA:486,1
DA:502,6
DA:503,0
DA:504,1
DA:505,2
DA:507,1
DA:523,7
DA:524,0
DA:525,1
DA:526,1
DA:528,2
DA:547,10
DA:548,0
DA:549,3
DA:550,2
DA:552,1
DA:569,10
DA:570,0
DA:571,1
DA:572,3
DA:574,1
DA:591,6
DA:592,0
DA:593,1
DA:596,1
DA:598,1
DA:616,8
DA:617,0
DA:618,2
DA:619,1
DA:621,2
DA:641,6
DA:642,0
DA:643,1
DA:644,1
DA:646,1
DA:662,0
DA:663,0
DA:664,0
DA:667,0
DA:668,0
DA:669,0
DA:670,0
DA:671,0
DA:672,0
DA:674,0
LF:105
LH:69
end_of_record
TN:
SF:/home/erick/hashed/hashed-substrate/pallets/gated-marketplace/src/types.rs
FN:40,default
FN:46,to_vec
FN:56,id
FN:60,enum_to_vec
FN:83,to_vec
FN:99,id
FN:103,admin_permissions
FN:114,participant_permissions
FN:145,default
FN:158,eq
FN:172,default
FNF:11
FNDA:0,default
FNDA:8,to_vec
FNDA:8,id
FNDA:0,enum_to_vec
FNDA:8,to_vec
FNDA:5,id
FNDA:8,admin_permissions
FNDA:8,participant_permissions
FNDA:3,default
FNDA:0,eq
FNDA:0,default
DA:40,0
DA:41,0
DA:46,8
DA:47,8
DA:48,16
DA:49,16
DA:50,16
DA:51,16
DA:52,8
DA:56,8
DA:57,8
DA:60,0
DA:62,0
DA:83,8
DA:84,8
DA:85,16
DA:86,16
DA:87,16
DA:88,16
DA:89,16
DA:90,16
DA:91,16
DA:92,16
DA:93,16
DA:94,16
DA:95,8
DA:99,5
DA:100,5
DA:103,8
DA:105,16
DA:106,8
DA:107,8
DA:108,8
DA:109,0
DA:110,8
DA:114,8
DA:117,8
DA:118,8
DA:119,8
DA:120,8
DA:121,8
DA:122,8
DA:123,0
DA:145,3
DA:146,3
DA:158,0
DA:159,0
DA:172,0
DA:173,0
LF:49
LH:39
end_of_record
TN:
SF:/home/erick/hashed/hashed-substrate/pallets/rbac/src/functions.rs
FN:99,create_and_set_roles<pallet_rbac::mock::Test>
FN:229,create_and_set_permissions<pallet_rbac::mock::Test>
FNF:2
FNDA:18,create_and_set_roles<pallet_rbac::mock::Test>
FNDA:17,create_and_set_permissions<pallet_rbac::mock::Test>
DA:18,18
DA:19,18
DA:20,72
DA:21,20
DA:22,39
DA:23,18
DA:34,2
DA:35,2
DA:37,11
DA:38,4
DA:39,9
DA:40,2
DA:41,2
DA:42,2
DA:44,3
DA:46,5
DA:47,5
DA:49,4
DA:51,7
DA:52,2
DA:55,2
DA:57,3
DA:68,1
DA:69,1
DA:70,1
DA:72,1
DA:73,1
DA:74,1
DA:77,1
DA:79,2
DA:81,2
DA:82,2
DA:83,1
DA:84,0
DA:87,1
DA:88,1
DA:89,1
DA:99,18
DA:101,18
DA:102,54
DA:103,36
DA:105,18
DA:106,34
DA:107,34
DA:108,17
DA:117,20
DA:118,20
DA:120,21
DA:121,42
DA:122,66
DA:123,22
DA:133,5
DA:134,11
DA:135,22
DA:136,6
DA:137,12
DA:139,5
DA:148,17
DA:149,17
DA:151,18
DA:152,17
DA:153,35
DA:154,17
DA:156,53
DA:157,17
DA:158,3
DA:160,17
DA:171,16
DA:172,32
DA:173,16
DA:174,17
DA:175,30
DA:176,64
DA:177,17
DA:178,34
DA:181,62
DA:182,30
DA:183,32
DA:185,15
DA:197,5
DA:198,5
DA:199,22
DA:200,6
DA:201,26
DA:202,5
DA:203,5
DA:204,5
DA:206,5
DA:208,25
DA:209,5
DA:210,20
DA:211,10
DA:212,5
DA:213,4
DA:215,3
DA:217,5
DA:229,17
DA:231,35
DA:232,34
DA:233,39
DA:234,18
DA:235,54
DA:236,54
DA:238,19
DA:239,36
DA:240,18
DA:249,18
DA:250,36
DA:251,18
DA:254,19
DA:256,36
DA:257,18
DA:259,18
DA:269,1
DA:270,2
DA:271,1
DA:272,1
DA:274,3
DA:276,6
DA:277,2
DA:278,4
DA:280,1
DA:291,18
DA:293,37
DA:294,36
DA:295,18
DA:296,19
DA:298,18
DA:299,37
DA:300,18
DA:302,56
DA:303,18
DA:304,3
DA:305,18
DA:318,9
DA:319,18
DA:320,9
DA:321,9
DA:322,18
DA:324,9
DA:326,34
DA:327,10
DA:328,8
DA:339,2
DA:340,2
DA:341,4
DA:342,2
DA:343,4
DA:344,8
DA:345,2
DA:347,2
DA:356,16
DA:357,49
DA:358,15
DA:367,9
DA:368,19
DA:369,9
DA:378,19
DA:380,112
DA:381,37
DA:382,18
DA:392,1
DA:393,2
DA:394,3
DA:395,1
DA:405,2
DA:406,6
DA:409,18
DA:410,18
DA:424,73
DA:425,77
DA:428,34
DA:429,34
DA:430,68
DA:431,35
DA:432,35
LF:176
LH:175
end_of_record
TN:
SF:/home/erick/hashed/hashed-substrate/pallets/rbac/src/lib.rs
FN:51,pallet_prefix<hashed_runtime::Runtime>
FN:61,pallet_prefix<pallet_fruniques::mock::Test>
FN:71,pallet_prefix<pallet_fruniques::mock::Test>
FN:81,permissions<pallet_rbac::mock::Test, [u8; 32], [u8; 32]>
FN:93,pallet_prefix<pallet_fruniques::mock::Test>
FN:105,roles_by_user<pallet_rbac::mock::Test, (u64, [u8; 32], &[u8; 32])>
FN:118,users_by_scope<pallet_rbac::mock::Test, ([u8; 32], &[u8; 32], [u8; 32])>
FNF:7
FNDA:40,pallet_prefix<hashed_runtime::Runtime>
FNDA:52,pallet_prefix<pallet_fruniques::mock::Test>
FNDA:36,pallet_prefix<pallet_fruniques::mock::Test>
FNDA:39,permissions<pallet_rbac::mock::Test, [u8; 32], [u8; 32]>
FNDA:40,pallet_prefix<pallet_fruniques::mock::Test>
FNDA:37,roles_by_user<pallet_rbac::mock::Test, (u64, [u8; 32], &[u8; 32])>
FNDA:36,users_by_scope<pallet_rbac::mock::Test, ([u8; 32], &[u8; 32], [u8; 32])>
DA:21,9
DA:51,40
DA:61,52
DA:71,36
DA:81,39
DA:93,40
DA:105,37
DA:118,36
LF:8
LH:8
end_of_record
TN:
SF:/home/erick/hashed/hashed-substrate/pallets/rbac/src/types.rs
FN:19,to_id_enum
FN:26,to_id
FNF:2
FNDA:17,to_id_enum
FNDA:18,to_id
DA:19,17
DA:20,17
DA:21,18
DA:22,17
DA:26,18
DA:27,18
DA:28,17
DA:29,18
LF:8
LH:8
end_of_record
TN:
SF:/home/erick/hashed/hashed-substrate/pallets/template/src/lib.rs
FN:17,storage_metadata<hashed_runtime::Runtime>
FN:36,pallet_prefix<hashed_runtime::Runtime>
FN:43,pallet_prefix<hashed_runtime::Runtime>
FN:76,do_something<hashed_runtime::Runtime>
FN:111,insert_my_bytes<pallet_template::mock::Test>
FNF:5
FNDA:4,storage_metadata<hashed_runtime::Runtime>
FNDA:6,pallet_prefix<hashed_runtime::Runtime>
FNDA:0,pallet_prefix<hashed_runtime::Runtime>
FNDA:1,do_something<hashed_runtime::Runtime>
FNDA:0,insert_my_bytes<pallet_template::mock::Test>
DA:17,4
DA:36,6
DA:43,0
DA:75,0
DA:76,1
DA:80,1
DA:83,1
DA:86,1
DA:88,1
DA:92,0
DA:93,1
DA:94,1
DA:97,2
DA:99,2
DA:100,0
DA:102,0
DA:104,0
DA:105,0
DA:110,0
DA:111,0
DA:115,0
DA:118,0
DA:119,0
DA:121,0
LF:24
LH:11
end_of_record
TN:
SF:/home/erick/hashed/hashed-substrate/parachain-runtime/src/constants.rs
FN:32,deposit
FNF:1
FNDA:0,deposit
DA:32,0
DA:33,0
LF:2
LH:0
end_of_record
TN:
SF:/home/erick/hashed/hashed-substrate/parachain-runtime/src/lib.rs
FN:145,polynomial
FN:232,native_version
FN:247,{closure#0}
FN:250,{closure#1}
FN:253,{closure#2}
FN:453,default
FN:458,filter
FN:485,is_superset
FN:1032,{closure#0}
FN:1114,dispatch
FN:1116,slot_duration
FN:1120,authorities
FN:1126,version
FN:1130,execute_block
FN:1134,initialize_block
FN:1140,metadata
FN:1146,apply_extrinsic
FN:1150,finalize_block
FN:1154,inherent_extrinsics
FN:1158,check_inherents
FN:1167,validate_transaction
FN:1177,offchain_worker
FN:1183,generate_session_keys
FN:1187,decode_session_keys
FN:1195,account_nonce
FN:1201,query_info
FN:1207,query_fee_details
FN:1216,collect_collation_info
FN:1289,check_inherents
FNF:29
FNDA:0,polynomial
FNDA:0,native_version
FNDA:3,{closure#0}
FNDA:3,{closure#1}
FNDA:3,{closure#2}
FNDA:0,default
FNDA:0,filter
FNDA:0,is_superset
FNDA:6,{closure#0}
FNDA:0,dispatch
FNDA:0,slot_duration
FNDA:0,authorities
FNDA:0,version
FNDA:0,execute_block
FNDA:0,initialize_block
FNDA:0,metadata
FNDA:0,apply_extrinsic
FNDA:0,finalize_block
FNDA:0,inherent_extrinsics
FNDA:0,check_inherents
FNDA:0,validate_transaction
FNDA:0,offchain_worker
FNDA:0,generate_session_keys
FNDA:0,decode_session_keys
FNDA:0,account_nonce
FNDA:0,query_info
FNDA:0,query_fee_details
FNDA:0,collect_collation_info
FNDA:0,check_inherents
DA:145,0
DA:148,0
DA:149,0
DA:150,0
DA:153,0
DA:154,0
DA:176,0
DA:232,0
DA:233,0
DA:237,0
DA:244,0
DA:245,5
DA:246,1
DA:247,3
DA:248,1
DA:250,3
DA:251,1
DA:253,3
DA:254,1
DA:257,1
DA:258,1
DA:403,0
DA:405,0
DA:425,0
DA:427,0
DA:428,0
DA:429,0
DA:453,0
DA:454,0
DA:458,0
DA:459,0
DA:460,0
DA:461,0
DA:462,0
DA:469,0
DA:470,0
DA:479,0
DA:480,0
DA:485,0
DA:486,0
DA:487,0
DA:488,0
DA:489,0
DA:490,0
DA:491,0
DA:587,0
DA:624,0
DA:628,0
DA:629,0
DA:631,0
DA:661,0
DA:664,0
DA:798,0
DA:799,0
DA:862,0
DA:867,0
DA:913,0
DA:914,0
DA:915,0
DA:916,0
DA:917,0
DA:918,0
DA:919,0
DA:920,0
DA:921,0
DA:922,0
DA:923,0
DA:924,0
DA:927,0
DA:928,0
DA:929,0
DA:932,0
DA:933,0
DA:934,0
DA:935,0
DA:1032,6
DA:1040,0
DA:1060,0
DA:1061,0
DA:1073,0
DA:1114,0
DA:1116,0
DA:1117,0
DA:1120,0
DA:1121,0
DA:1126,0
DA:1127,0
DA:1130,0
DA:1131,0
DA:1134,0
DA:1135,0
DA:1140,0
DA:1141,0
DA:1146,0
DA:1147,0
DA:1150,0
DA:1151,0
DA:1154,0
DA:1155,0
DA:1158,0
DA:1159,0
DA:1160,0
DA:1162,0
DA:1167,0
DA:1168,0
DA:1169,0
DA:1170,0
DA:1172,0
DA:1177,0
DA:1178,0
DA:1183,0
DA:1184,0
DA:1187,0
DA:1188,0
DA:1190,0
DA:1195,0
DA:1196,0
DA:1201,0
DA:1202,0
DA:1203,0
DA:1205,0
DA:1207,0
DA:1208,0
DA:1209,0
DA:1211,0
DA:1216,0
DA:1217,0
DA:1289,0
DA:1293,0
DA:1300,0
DA:1305,0
LF:131
LH:11
end_of_record
TN:
SF:/home/erick/hashed/hashed-substrate/parachain-runtime/src/weights/paritydb_weights.rs
FNF:0
DA:27,0
LF:1
LH:0
end_of_record
TN:
SF:/home/erick/hashed/hashed-substrate/parachain-runtime/src/weights/rocksdb_weights.rs
FNF:0
DA:27,0
LF:1
LH:0
end_of_record
TN:
SF:/home/erick/hashed/hashed-substrate/parachain-runtime/src/xcm_config.rs
FN:103,should_execute<hashed_parachain_runtime::xcm_config::DenyReserveTransferToRelayChain, (xcm_builder::barriers::TakeWeightCredit, xcm_builder::barriers::AllowTopLevelPaidExecutionFrom<frame_support::traits::members::Everything>, xcm_builder::barriers::AllowUnpaidExecutionFrom<hashed_parachain_runtime::xcm_config::ParentOrParentsExecutivePlurality>), hashed_parachain_runtime::Call>
FN:117,should_execute<hashed_parachain_runtime::Call>
FN:123,{closure#0}<hashed_parachain_runtime::Call>
FNF:3
FNDA:0,should_execute<hashed_parachain_runtime::xcm_config::DenyReserveTransferToRelayChain, (xcm_builder::barriers::TakeWeightCredit, xcm_builder::barriers::AllowTopLevelPaidExecutionFrom<frame_support::traits::members::Everything>, xcm_builder::barriers::AllowUnpaidExecutionFrom<hashed_parachain_runtime::xcm_config::ParentOrParentsExecutivePlurality>), hashed_parachain_runtime::Call>
FNDA:0,should_execute<hashed_parachain_runtime::Call>
FNDA:0,{closure#0}<hashed_parachain_runtime::Call>
DA:24,0
DA:25,0
DA:26,0
DA:27,0
DA:103,0
DA:109,0
DA:110,0
DA:117,0
DA:123,0
DA:124,0
DA:125,0
DA:126,0
DA:127,0
DA:128,0
DA:129,0
DA:130,0
DA:131,0
DA:132,0
DA:136,0
DA:141,0
DA:142,0
DA:144,0
DA:145,0
DA:150,0
LF:24
LH:0
end_of_record
TN:
SF:/home/erick/hashed/hashed-substrate/runtime/src/constants.rs
FN:32,deposit
FNF:1
FNDA:0,deposit
DA:32,0
DA:33,0
LF:2
LH:0
end_of_record
TN:
SF:/home/erick/hashed/hashed-substrate/runtime/src/lib.rs
FN:135,native_version
FN:763,from
FN:829,dispatch
FN:831,version
FN:835,execute_block
FN:839,initialize_block
FN:845,metadata
FN:855,finalize_block
FN:863,check_inherents
FN:872,validate_transaction
FN:882,offchain_worker
FN:888,slot_duration
FN:892,authorities
FN:902,decode_session_keys
FN:910,grandpa_authorities
FN:914,current_set_id
FN:918,submit_report_equivocation_unsigned_extrinsic
FN:928,generate_key_ownership_proof
FN:946,query_info
FN:952,query_fee_details
FNF:20
FNDA:0,native_version
FNDA:4,from
FNDA:0,dispatch
FNDA:0,version
FNDA:0,execute_block
FNDA:0,initialize_block
FNDA:0,metadata
FNDA:0,finalize_block
FNDA:0,check_inherents
FNDA:0,validate_transaction
FNDA:0,offchain_worker
FNDA:0,slot_duration
FNDA:0,authorities
FNDA:0,decode_session_keys
FNDA:0,grandpa_authorities
FNDA:0,current_set_id
FNDA:0,submit_report_equivocation_unsigned_extrinsic
FNDA:0,generate_key_ownership_proof
FNDA:0,query_info
FNDA:0,query_fee_details
DA:89,0
DA:135,0
DA:136,0
DA:142,0
DA:145,1
DA:147,0
DA:408,0
DA:430,0
DA:434,0
DA:435,0
DA:437,0
DA:467,0
DA:470,0
DA:723,0
DA:724,0
DA:727,0
DA:728,0
DA:729,0
DA:730,0
DA:731,0
DA:732,0
DA:733,0
DA:734,0
DA:735,0
DA:736,0
DA:739,0
DA:740,0
DA:741,0
DA:744,0
DA:745,0
DA:746,0
DA:747,0
DA:763,4
DA:769,0
DA:783,0
DA:829,0
DA:831,0
DA:832,0
DA:835,0
DA:836,0
DA:839,0
DA:840,0
DA:845,0
DA:846,0
DA:851,0
DA:852,0
DA:855,0
DA:856,0
DA:859,0
DA:860,0
DA:863,0
DA:864,0
DA:865,0
DA:867,0
DA:872,0
DA:873,0
DA:874,0
DA:875,0
DA:877,0
DA:882,0
DA:883,0
DA:888,0
DA:889,0
DA:892,0
DA:893,0
DA:898,0
DA:899,0
DA:902,0
DA:903,0
DA:905,0
DA:910,0
DA:911,0
DA:914,0
DA:915,0
DA:918,0
DA:919,0
DA:923,0
DA:925,0
DA:928,0
DA:929,0
DA:930,0
DA:935,0
DA:940,0
DA:941,0
DA:946,0
DA:947,0
DA:948,0
DA:950,0
DA:952,0
DA:953,0
DA:954,0
DA:956,0
LF:92
LH:2
end_of_record
